2022-12-14 17:20:04.352 [info] Reading sessions from keychain...
2022-12-14 17:20:04.352 [info] Getting sessions for user:email...
2022-12-14 17:20:04.352 [info] Getting sessions for all scopes...
2022-12-14 17:20:04.352 [info] Got 0 sessions for user:email...
2022-12-14 17:20:04.352 [info] Got 0 sessions for ...
2022-12-14 17:21:05.205 [info] Getting sessions for user:email...
2022-12-14 17:21:05.205 [info] Got 0 sessions for user:email...
2022-12-14 17:21:06.490 [info] Logging in for the following scopes: user:email
2022-12-14 17:21:06.494 [info] Trying without local server... (user:email)
2022-12-14 17:21:11.775 [info] Exchanging code for token...
2022-12-14 17:21:12.576 [info] Token exchange success!
2022-12-14 17:21:12.579 [info] Getting user info...
2022-12-14 17:21:13.016 [info] Got account info!
2022-12-14 17:21:13.017 [info] Storing 1 sessions...
2022-12-14 17:21:13.055 [error] Setting token failed: Error: GDBus.Error:org.freedesktop.DBus.Error.ServiceUnknown: The name org.freedesktop.secrets was not provided by any .service files
2022-12-14 17:21:13.055 [info] Stored 1 sessions!
2022-12-14 17:21:13.055 [info] Login success!
2022-12-14 17:21:13.062 [info] Getting sessions for user:email...
2022-12-14 17:21:13.062 [info] Getting sessions for user:email...
2022-12-14 17:21:13.063 [info] Got 1 sessions for user:email...
2022-12-14 17:21:13.063 [info] Got 1 sessions for user:email...
2022-12-14 17:21:52.763 [info] Getting sessions for read:user,repo,user:email,workflow...
2022-12-14 17:21:52.763 [info] Got 0 sessions for read:user,repo,user:email,workflow...
2022-12-14 17:21:52.770 [info] Getting sessions for read:user,repo,user:email...
2022-12-14 17:21:52.770 [info] Got 0 sessions for read:user,repo,user:email...
2022-12-14 17:22:06.232 [info] Getting sessions for all scopes...
2022-12-14 17:22:06.232 [info] Got 1 sessions for ...
2022-12-14 17:22:18.525 [info] Getting sessions for all scopes...
2022-12-14 17:22:18.525 [info] Got 1 sessions for ...
