2022-12-15 12:49:58.946 [info] Added views:workbench.panel.markers.view in workbench.panel.markers
2022-12-15 12:49:58.946 [info] Added views:workbench.panel.output in workbench.panel.output
2022-12-15 12:49:58.946 [info] Added views:terminal in terminal
2022-12-15 12:49:58.946 [info] Added views:outline in workbench.view.explorer
2022-12-15 12:49:58.946 [info] Added views:workbench.view.search in workbench.view.explorer
2022-12-15 12:49:58.946 [info] Added views:workbench.scm in workbench.view.scm
2022-12-15 12:49:58.946 [info] Added views:timeline in workbench.view.explorer
2022-12-15 12:49:58.946 [info] Added views:workbench.explorer.emptyView in workbench.view.explorer
2022-12-15 12:49:59.067 [info] Added views:workbench.debug.variablesView,workbench.debug.watchExpressionsView,workbench.debug.callStackView,workbench.debug.breakPointsView in workbench.view.debug
2022-12-15 12:49:59.667 [info] Added views:gitlens.views.home in workbench.view.extension.gitlens
2022-12-15 12:49:59.668 [info] Added views:gitlens.views.commits,gitlens.views.commitDetails,gitlens.views.fileHistory,gitlens.views.branches,gitlens.views.remotes,gitlens.views.stashes,gitlens.views.tags,gitlens.views.searchAndCompare in workbench.view.scm
2022-12-15 12:49:59.669 [info] Added views:pr:github,issues:github in workbench.view.extension.github-pull-requests
2022-12-15 12:49:59.671 [info] Added views:dockerContainers,dockerImages,dockerRegistries,dockerNetworks,dockerVolumes,vscode-docker.views.dockerContexts,vscode-docker.views.help in workbench.view.extension.dockerView
2022-12-15 12:50:00.111 [info] Added views:workbench.panel.repl.view in workbench.panel.repl
2022-12-15 12:50:00.112 [info] Removed views:workbench.debug.breakPointsView,workbench.debug.callStackView,workbench.debug.watchExpressionsView,workbench.debug.variablesView from workbench.view.debug
2022-12-15 12:50:00.113 [info] Added views:workbench.debug.welcome in workbench.view.debug
2022-12-15 12:50:00.390 [info] Added views:workbench.panel.comments in workbench.panel.comments
2022-12-15 12:50:01.026 [info] Removed views:gitlens.views.searchAndCompare,gitlens.views.tags,gitlens.views.stashes,gitlens.views.remotes,gitlens.views.branches,gitlens.views.fileHistory,gitlens.views.commitDetails,gitlens.views.commits from workbench.view.scm
2022-12-15 12:50:01.502 [info] Added views:tabnine-home in workbench.view.extension.tabnine-access
2022-12-15 12:50:01.503 [info] Added views:tabnine-notifications in workbench.view.extension.tabnine-access
2022-12-15 12:50:01.504 [info] Added views:tabnine-today in workbench.view.extension.tabnine-access
