2022-12-14 17:20:03.369 [info] Started initializing default profile extensions in extensions installation folder. file:///home/xd/.vscode/extensions
2022-12-14 17:20:03.403 [info] Completed initializing default profile extensions in extensions installation folder. file:///home/xd/.vscode/extensions
2022-12-14 17:20:06.250 [info] [perf] Render performance baseline is 79ms
2022-12-14 17:21:13.058 [info] Settings Sync: Updated current session fd987de346660aab
2022-12-14 17:21:22.833 [error] Extension 'tabnine.tabnine-vscode' wants API proposal 'inlineCompletions' but that proposal DOES NOT EXIST. Likely, the proposal has been finalized (check 'vscode.d.ts') or was abandoned.
2022-12-14 17:21:23.020 [error] [Extension Host] /bin/sh: line 1: hostname: command not found
2022-12-14 17:21:41.138 [error] [Extension Host] Error: Binary request timed out. {"Event":{"name":"getting-started-closed"}}
	at Timeout._onTimeout (/home/xd/.vscode/extensions/tabnine.tabnine-vscode-3.6.31/out/extension.js:17:33073)
	at listOnTimeout (node:internal/timers:559:17)
	at process.processTimers (node:internal/timers:502:7)
2022-12-14 17:21:41.598 [warning] [ms-vscode.js-debug-nightly]: Cannot register 'debug.javascript.codelens.npmScripts'. This property is already registered.
2022-12-14 17:21:41.599 [warning] [ms-vscode.js-debug-nightly]: Cannot register 'debug.javascript.terminalOptions'. This property is already registered.
2022-12-14 17:21:41.600 [warning] [ms-vscode.js-debug-nightly]: Cannot register 'debug.javascript.automaticallyTunnelRemoteServer'. This property is already registered.
2022-12-14 17:21:41.600 [warning] [ms-vscode.js-debug-nightly]: Cannot register 'debug.javascript.debugByLinkOptions'. This property is already registered.
2022-12-14 17:21:41.601 [warning] [ms-vscode.js-debug-nightly]: Cannot register 'debug.javascript.pickAndAttachOptions'. This property is already registered.
2022-12-14 17:21:41.601 [warning] [ms-vscode.js-debug-nightly]: Cannot register 'debug.javascript.autoAttachFilter'. This property is already registered.
2022-12-14 17:21:41.602 [warning] [ms-vscode.js-debug-nightly]: Cannot register 'debug.javascript.autoAttachSmartPattern'. This property is already registered.
2022-12-14 17:21:41.602 [warning] [ms-vscode.js-debug-nightly]: Cannot register 'debug.javascript.breakOnConditionalError'. This property is already registered.
2022-12-14 17:21:41.603 [warning] [ms-vscode.js-debug-nightly]: Cannot register 'debug.javascript.unmapMissingSources'. This property is already registered.
2022-12-14 17:21:41.604 [warning] [ms-vscode.js-debug-nightly]: Cannot register 'debug.javascript.defaultRuntimeExecutable'. This property is already registered.
2022-12-14 17:21:41.604 [warning] [ms-vscode.js-debug-nightly]: Cannot register 'debug.javascript.resourceRequestOptions'. This property is already registered.
2022-12-14 17:21:41.621 [info] [ms-vscode.js-debug-nightly]: Command `extension.js-debug.prettyPrint` appears multiple times in the `commands` section.
2022-12-14 17:21:41.621 [info] [ms-vscode.js-debug-nightly]: Command `extension.js-debug.toggleSkippingFile` appears multiple times in the `commands` section.
2022-12-14 17:21:41.622 [info] [ms-vscode.js-debug-nightly]: Command `extension.js-debug.addCustomBreakpoints` appears multiple times in the `commands` section.
2022-12-14 17:21:41.622 [info] [ms-vscode.js-debug-nightly]: Command `extension.js-debug.removeCustomBreakpoint` appears multiple times in the `commands` section.
2022-12-14 17:21:41.623 [info] [ms-vscode.js-debug-nightly]: Command `extension.js-debug.removeAllCustomBreakpoints` appears multiple times in the `commands` section.
2022-12-14 17:21:41.624 [info] [ms-vscode.js-debug-nightly]: Command `extension.pwa-node-debug.attachNodeProcess` appears multiple times in the `commands` section.
2022-12-14 17:21:41.625 [info] [ms-vscode.js-debug-nightly]: Command `extension.js-debug.npmScript` appears multiple times in the `commands` section.
2022-12-14 17:21:41.626 [info] [ms-vscode.js-debug-nightly]: Command `extension.js-debug.createDebuggerTerminal` appears multiple times in the `commands` section.
2022-12-14 17:21:41.626 [info] [ms-vscode.js-debug-nightly]: Command `extension.js-debug.startProfile` appears multiple times in the `commands` section.
2022-12-14 17:21:41.627 [info] [ms-vscode.js-debug-nightly]: Command `extension.js-debug.stopProfile` appears multiple times in the `commands` section.
2022-12-14 17:21:41.627 [info] [ms-vscode.js-debug-nightly]: Command `extension.js-debug.revealPage` appears multiple times in the `commands` section.
2022-12-14 17:21:41.627 [info] [ms-vscode.js-debug-nightly]: Command `extension.js-debug.debugLink` appears multiple times in the `commands` section.
2022-12-14 17:21:41.628 [info] [ms-vscode.js-debug-nightly]: Command `extension.js-debug.createDiagnostics` appears multiple times in the `commands` section.
2022-12-14 17:21:41.628 [info] [ms-vscode.js-debug-nightly]: Command `extension.js-debug.getDiagnosticLogs` appears multiple times in the `commands` section.
2022-12-14 17:21:41.629 [info] [ms-vscode.js-debug-nightly]: Command `extension.node-debug.startWithStopOnEntry` appears multiple times in the `commands` section.
2022-12-14 17:21:41.629 [info] [ms-vscode.js-debug-nightly]: Command `extension.js-debug.openEdgeDevTools` appears multiple times in the `commands` section.
2022-12-14 17:21:41.630 [info] [ms-vscode.js-debug-nightly]: Command `extension.js-debug.callers.add` appears multiple times in the `commands` section.
2022-12-14 17:21:41.630 [info] [ms-vscode.js-debug-nightly]: Command `extension.js-debug.callers.remove` appears multiple times in the `commands` section.
2022-12-14 17:21:41.631 [info] [ms-vscode.js-debug-nightly]: Command `extension.js-debug.callers.removeAll` appears multiple times in the `commands` section.
2022-12-14 17:21:41.631 [info] [ms-vscode.js-debug-nightly]: Command `extension.js-debug.callers.goToCaller` appears multiple times in the `commands` section.
2022-12-14 17:21:41.632 [info] [ms-vscode.js-debug-nightly]: Command `extension.js-debug.callers.gotToTarget` appears multiple times in the `commands` section.
2022-12-14 17:21:41.633 [info] [ms-vscode.js-debug-nightly]: Command `extension.js-debug.enableSourceMapStepping` appears multiple times in the `commands` section.
2022-12-14 17:21:41.634 [info] [ms-vscode.js-debug-nightly]: Command `extension.js-debug.disableSourceMapStepping` appears multiple times in the `commands` section.
2022-12-14 17:21:41.635 [error] [ms-vscode.js-debug-nightly]: A view with id `jsBrowserBreakpoints` is already registered.
2022-12-14 17:21:41.635 [error] [ms-vscode.js-debug-nightly]: A view with id `jsExcludedCallers` is already registered.
2022-12-14 17:21:43.629 [info] [ms-vscode.js-debug-nightly]: Command `extension.js-debug.prettyPrint` appears multiple times in the `commands` section.
2022-12-14 17:21:43.629 [info] [ms-vscode.js-debug-nightly]: Command `extension.js-debug.toggleSkippingFile` appears multiple times in the `commands` section.
2022-12-14 17:21:43.630 [info] [ms-vscode.js-debug-nightly]: Command `extension.js-debug.addCustomBreakpoints` appears multiple times in the `commands` section.
2022-12-14 17:21:43.630 [info] [ms-vscode.js-debug-nightly]: Command `extension.js-debug.removeCustomBreakpoint` appears multiple times in the `commands` section.
2022-12-14 17:21:43.630 [info] [ms-vscode.js-debug-nightly]: Command `extension.js-debug.removeAllCustomBreakpoints` appears multiple times in the `commands` section.
2022-12-14 17:21:43.630 [info] [ms-vscode.js-debug-nightly]: Command `extension.pwa-node-debug.attachNodeProcess` appears multiple times in the `commands` section.
2022-12-14 17:21:43.630 [info] [ms-vscode.js-debug-nightly]: Command `extension.js-debug.npmScript` appears multiple times in the `commands` section.
2022-12-14 17:21:43.631 [info] [ms-vscode.js-debug-nightly]: Command `extension.js-debug.createDebuggerTerminal` appears multiple times in the `commands` section.
2022-12-14 17:21:43.631 [info] [ms-vscode.js-debug-nightly]: Command `extension.js-debug.startProfile` appears multiple times in the `commands` section.
2022-12-14 17:21:43.631 [info] [ms-vscode.js-debug-nightly]: Command `extension.js-debug.stopProfile` appears multiple times in the `commands` section.
2022-12-14 17:21:43.631 [info] [ms-vscode.js-debug-nightly]: Command `extension.js-debug.revealPage` appears multiple times in the `commands` section.
2022-12-14 17:21:43.632 [info] [ms-vscode.js-debug-nightly]: Command `extension.js-debug.debugLink` appears multiple times in the `commands` section.
2022-12-14 17:21:43.632 [info] [ms-vscode.js-debug-nightly]: Command `extension.js-debug.createDiagnostics` appears multiple times in the `commands` section.
2022-12-14 17:21:43.632 [info] [ms-vscode.js-debug-nightly]: Command `extension.js-debug.getDiagnosticLogs` appears multiple times in the `commands` section.
2022-12-14 17:21:43.632 [info] [ms-vscode.js-debug-nightly]: Command `extension.node-debug.startWithStopOnEntry` appears multiple times in the `commands` section.
2022-12-14 17:21:43.632 [info] [ms-vscode.js-debug-nightly]: Command `extension.js-debug.openEdgeDevTools` appears multiple times in the `commands` section.
2022-12-14 17:21:43.633 [info] [ms-vscode.js-debug-nightly]: Command `extension.js-debug.callers.add` appears multiple times in the `commands` section.
2022-12-14 17:21:43.633 [info] [ms-vscode.js-debug-nightly]: Command `extension.js-debug.callers.remove` appears multiple times in the `commands` section.
2022-12-14 17:21:43.633 [info] [ms-vscode.js-debug-nightly]: Command `extension.js-debug.callers.removeAll` appears multiple times in the `commands` section.
2022-12-14 17:21:43.633 [info] [ms-vscode.js-debug-nightly]: Command `extension.js-debug.callers.goToCaller` appears multiple times in the `commands` section.
2022-12-14 17:21:43.633 [info] [ms-vscode.js-debug-nightly]: Command `extension.js-debug.callers.gotToTarget` appears multiple times in the `commands` section.
2022-12-14 17:21:43.633 [info] [ms-vscode.js-debug-nightly]: Command `extension.js-debug.enableSourceMapStepping` appears multiple times in the `commands` section.
2022-12-14 17:21:43.633 [info] [ms-vscode.js-debug-nightly]: Command `extension.js-debug.disableSourceMapStepping` appears multiple times in the `commands` section.
2022-12-14 17:21:45.460 [error] [Extension Host] (node:24724) [DEP0005] DeprecationWarning: Buffer() is deprecated due to security and usability issues. Please use the Buffer.alloc(), Buffer.allocUnsafe(), or Buffer.from() methods instead.
(Use `code --trace-deprecation ...` to show where the warning was created)
2022-12-14 17:21:48.026 [info] [ms-vscode.js-debug-nightly]: Command `extension.js-debug.prettyPrint` appears multiple times in the `commands` section.
2022-12-14 17:21:48.027 [info] [ms-vscode.js-debug-nightly]: Command `extension.js-debug.toggleSkippingFile` appears multiple times in the `commands` section.
2022-12-14 17:21:48.027 [info] [ms-vscode.js-debug-nightly]: Command `extension.js-debug.addCustomBreakpoints` appears multiple times in the `commands` section.
2022-12-14 17:21:48.027 [info] [ms-vscode.js-debug-nightly]: Command `extension.js-debug.removeCustomBreakpoint` appears multiple times in the `commands` section.
2022-12-14 17:21:48.027 [info] [ms-vscode.js-debug-nightly]: Command `extension.js-debug.removeAllCustomBreakpoints` appears multiple times in the `commands` section.
2022-12-14 17:21:48.027 [info] [ms-vscode.js-debug-nightly]: Command `extension.pwa-node-debug.attachNodeProcess` appears multiple times in the `commands` section.
2022-12-14 17:21:48.027 [info] [ms-vscode.js-debug-nightly]: Command `extension.js-debug.npmScript` appears multiple times in the `commands` section.
2022-12-14 17:21:48.027 [info] [ms-vscode.js-debug-nightly]: Command `extension.js-debug.createDebuggerTerminal` appears multiple times in the `commands` section.
2022-12-14 17:21:48.028 [info] [ms-vscode.js-debug-nightly]: Command `extension.js-debug.startProfile` appears multiple times in the `commands` section.
2022-12-14 17:21:48.028 [info] [ms-vscode.js-debug-nightly]: Command `extension.js-debug.stopProfile` appears multiple times in the `commands` section.
2022-12-14 17:21:48.028 [info] [ms-vscode.js-debug-nightly]: Command `extension.js-debug.revealPage` appears multiple times in the `commands` section.
2022-12-14 17:21:48.028 [info] [ms-vscode.js-debug-nightly]: Command `extension.js-debug.debugLink` appears multiple times in the `commands` section.
2022-12-14 17:21:48.028 [info] [ms-vscode.js-debug-nightly]: Command `extension.js-debug.createDiagnostics` appears multiple times in the `commands` section.
2022-12-14 17:21:48.029 [info] [ms-vscode.js-debug-nightly]: Command `extension.js-debug.getDiagnosticLogs` appears multiple times in the `commands` section.
2022-12-14 17:21:48.029 [info] [ms-vscode.js-debug-nightly]: Command `extension.node-debug.startWithStopOnEntry` appears multiple times in the `commands` section.
2022-12-14 17:21:48.029 [info] [ms-vscode.js-debug-nightly]: Command `extension.js-debug.openEdgeDevTools` appears multiple times in the `commands` section.
2022-12-14 17:21:48.029 [info] [ms-vscode.js-debug-nightly]: Command `extension.js-debug.callers.add` appears multiple times in the `commands` section.
2022-12-14 17:21:48.029 [info] [ms-vscode.js-debug-nightly]: Command `extension.js-debug.callers.remove` appears multiple times in the `commands` section.
2022-12-14 17:21:48.029 [info] [ms-vscode.js-debug-nightly]: Command `extension.js-debug.callers.removeAll` appears multiple times in the `commands` section.
2022-12-14 17:21:48.029 [info] [ms-vscode.js-debug-nightly]: Command `extension.js-debug.callers.goToCaller` appears multiple times in the `commands` section.
2022-12-14 17:21:48.030 [info] [ms-vscode.js-debug-nightly]: Command `extension.js-debug.callers.gotToTarget` appears multiple times in the `commands` section.
2022-12-14 17:21:48.030 [info] [ms-vscode.js-debug-nightly]: Command `extension.js-debug.enableSourceMapStepping` appears multiple times in the `commands` section.
2022-12-14 17:21:48.030 [info] [ms-vscode.js-debug-nightly]: Command `extension.js-debug.disableSourceMapStepping` appears multiple times in the `commands` section.
2022-12-14 17:21:49.361 [info] [ms-vscode.js-debug-nightly]: Command `extension.js-debug.prettyPrint` appears multiple times in the `commands` section.
2022-12-14 17:21:49.362 [info] [ms-vscode.js-debug-nightly]: Command `extension.js-debug.toggleSkippingFile` appears multiple times in the `commands` section.
2022-12-14 17:21:49.362 [info] [ms-vscode.js-debug-nightly]: Command `extension.js-debug.addCustomBreakpoints` appears multiple times in the `commands` section.
2022-12-14 17:21:49.362 [info] [ms-vscode.js-debug-nightly]: Command `extension.js-debug.removeCustomBreakpoint` appears multiple times in the `commands` section.
2022-12-14 17:21:49.362 [info] [ms-vscode.js-debug-nightly]: Command `extension.js-debug.removeAllCustomBreakpoints` appears multiple times in the `commands` section.
2022-12-14 17:21:49.363 [info] [ms-vscode.js-debug-nightly]: Command `extension.pwa-node-debug.attachNodeProcess` appears multiple times in the `commands` section.
2022-12-14 17:21:49.363 [info] [ms-vscode.js-debug-nightly]: Command `extension.js-debug.npmScript` appears multiple times in the `commands` section.
2022-12-14 17:21:49.363 [info] [ms-vscode.js-debug-nightly]: Command `extension.js-debug.createDebuggerTerminal` appears multiple times in the `commands` section.
2022-12-14 17:21:49.363 [info] [ms-vscode.js-debug-nightly]: Command `extension.js-debug.startProfile` appears multiple times in the `commands` section.
2022-12-14 17:21:49.364 [info] [ms-vscode.js-debug-nightly]: Command `extension.js-debug.stopProfile` appears multiple times in the `commands` section.
2022-12-14 17:21:49.364 [info] [ms-vscode.js-debug-nightly]: Command `extension.js-debug.revealPage` appears multiple times in the `commands` section.
2022-12-14 17:21:49.364 [info] [ms-vscode.js-debug-nightly]: Command `extension.js-debug.debugLink` appears multiple times in the `commands` section.
2022-12-14 17:21:49.365 [info] [ms-vscode.js-debug-nightly]: Command `extension.js-debug.createDiagnostics` appears multiple times in the `commands` section.
2022-12-14 17:21:49.365 [info] [ms-vscode.js-debug-nightly]: Command `extension.js-debug.getDiagnosticLogs` appears multiple times in the `commands` section.
2022-12-14 17:21:49.365 [info] [ms-vscode.js-debug-nightly]: Command `extension.node-debug.startWithStopOnEntry` appears multiple times in the `commands` section.
2022-12-14 17:21:49.365 [info] [ms-vscode.js-debug-nightly]: Command `extension.js-debug.openEdgeDevTools` appears multiple times in the `commands` section.
2022-12-14 17:21:49.365 [info] [ms-vscode.js-debug-nightly]: Command `extension.js-debug.callers.add` appears multiple times in the `commands` section.
2022-12-14 17:21:49.366 [info] [ms-vscode.js-debug-nightly]: Command `extension.js-debug.callers.remove` appears multiple times in the `commands` section.
2022-12-14 17:21:49.366 [info] [ms-vscode.js-debug-nightly]: Command `extension.js-debug.callers.removeAll` appears multiple times in the `commands` section.
2022-12-14 17:21:49.366 [info] [ms-vscode.js-debug-nightly]: Command `extension.js-debug.callers.goToCaller` appears multiple times in the `commands` section.
2022-12-14 17:21:49.366 [info] [ms-vscode.js-debug-nightly]: Command `extension.js-debug.callers.gotToTarget` appears multiple times in the `commands` section.
2022-12-14 17:21:49.366 [info] [ms-vscode.js-debug-nightly]: Command `extension.js-debug.enableSourceMapStepping` appears multiple times in the `commands` section.
2022-12-14 17:21:49.367 [info] [ms-vscode.js-debug-nightly]: Command `extension.js-debug.disableSourceMapStepping` appears multiple times in the `commands` section.
2022-12-14 17:21:49.540 [info] [ms-vscode.js-debug-nightly]: Command `extension.js-debug.prettyPrint` appears multiple times in the `commands` section.
2022-12-14 17:21:49.541 [info] [ms-vscode.js-debug-nightly]: Command `extension.js-debug.toggleSkippingFile` appears multiple times in the `commands` section.
2022-12-14 17:21:49.541 [info] [ms-vscode.js-debug-nightly]: Command `extension.js-debug.addCustomBreakpoints` appears multiple times in the `commands` section.
2022-12-14 17:21:49.542 [info] [ms-vscode.js-debug-nightly]: Command `extension.js-debug.removeCustomBreakpoint` appears multiple times in the `commands` section.
2022-12-14 17:21:49.542 [info] [ms-vscode.js-debug-nightly]: Command `extension.js-debug.removeAllCustomBreakpoints` appears multiple times in the `commands` section.
2022-12-14 17:21:49.543 [info] [ms-vscode.js-debug-nightly]: Command `extension.pwa-node-debug.attachNodeProcess` appears multiple times in the `commands` section.
2022-12-14 17:21:49.543 [info] [ms-vscode.js-debug-nightly]: Command `extension.js-debug.npmScript` appears multiple times in the `commands` section.
2022-12-14 17:21:49.543 [info] [ms-vscode.js-debug-nightly]: Command `extension.js-debug.createDebuggerTerminal` appears multiple times in the `commands` section.
2022-12-14 17:21:49.544 [info] [ms-vscode.js-debug-nightly]: Command `extension.js-debug.startProfile` appears multiple times in the `commands` section.
2022-12-14 17:21:49.544 [info] [ms-vscode.js-debug-nightly]: Command `extension.js-debug.stopProfile` appears multiple times in the `commands` section.
2022-12-14 17:21:49.544 [info] [ms-vscode.js-debug-nightly]: Command `extension.js-debug.revealPage` appears multiple times in the `commands` section.
2022-12-14 17:21:49.545 [info] [ms-vscode.js-debug-nightly]: Command `extension.js-debug.debugLink` appears multiple times in the `commands` section.
2022-12-14 17:21:49.545 [info] [ms-vscode.js-debug-nightly]: Command `extension.js-debug.createDiagnostics` appears multiple times in the `commands` section.
2022-12-14 17:21:49.546 [info] [ms-vscode.js-debug-nightly]: Command `extension.js-debug.getDiagnosticLogs` appears multiple times in the `commands` section.
2022-12-14 17:21:49.546 [info] [ms-vscode.js-debug-nightly]: Command `extension.node-debug.startWithStopOnEntry` appears multiple times in the `commands` section.
2022-12-14 17:21:49.547 [info] [ms-vscode.js-debug-nightly]: Command `extension.js-debug.openEdgeDevTools` appears multiple times in the `commands` section.
2022-12-14 17:21:49.547 [info] [ms-vscode.js-debug-nightly]: Command `extension.js-debug.callers.add` appears multiple times in the `commands` section.
2022-12-14 17:21:49.548 [info] [ms-vscode.js-debug-nightly]: Command `extension.js-debug.callers.remove` appears multiple times in the `commands` section.
2022-12-14 17:21:49.548 [info] [ms-vscode.js-debug-nightly]: Command `extension.js-debug.callers.removeAll` appears multiple times in the `commands` section.
2022-12-14 17:21:49.548 [info] [ms-vscode.js-debug-nightly]: Command `extension.js-debug.callers.goToCaller` appears multiple times in the `commands` section.
2022-12-14 17:21:49.549 [info] [ms-vscode.js-debug-nightly]: Command `extension.js-debug.callers.gotToTarget` appears multiple times in the `commands` section.
2022-12-14 17:21:49.549 [info] [ms-vscode.js-debug-nightly]: Command `extension.js-debug.enableSourceMapStepping` appears multiple times in the `commands` section.
2022-12-14 17:21:49.550 [info] [ms-vscode.js-debug-nightly]: Command `extension.js-debug.disableSourceMapStepping` appears multiple times in the `commands` section.
2022-12-14 17:21:51.986 [info] [ms-vscode.js-debug-nightly]: Command `extension.js-debug.prettyPrint` appears multiple times in the `commands` section.
2022-12-14 17:21:52.007 [info] [ms-vscode.js-debug-nightly]: Command `extension.js-debug.toggleSkippingFile` appears multiple times in the `commands` section.
2022-12-14 17:21:52.007 [info] [ms-vscode.js-debug-nightly]: Command `extension.js-debug.addCustomBreakpoints` appears multiple times in the `commands` section.
2022-12-14 17:21:52.007 [info] [ms-vscode.js-debug-nightly]: Command `extension.js-debug.removeCustomBreakpoint` appears multiple times in the `commands` section.
2022-12-14 17:21:52.008 [info] [ms-vscode.js-debug-nightly]: Command `extension.js-debug.removeAllCustomBreakpoints` appears multiple times in the `commands` section.
2022-12-14 17:21:52.008 [info] [ms-vscode.js-debug-nightly]: Command `extension.pwa-node-debug.attachNodeProcess` appears multiple times in the `commands` section.
2022-12-14 17:21:52.008 [info] [ms-vscode.js-debug-nightly]: Command `extension.js-debug.npmScript` appears multiple times in the `commands` section.
2022-12-14 17:21:52.008 [info] [ms-vscode.js-debug-nightly]: Command `extension.js-debug.createDebuggerTerminal` appears multiple times in the `commands` section.
2022-12-14 17:21:52.009 [info] [ms-vscode.js-debug-nightly]: Command `extension.js-debug.startProfile` appears multiple times in the `commands` section.
2022-12-14 17:21:52.009 [info] [ms-vscode.js-debug-nightly]: Command `extension.js-debug.stopProfile` appears multiple times in the `commands` section.
2022-12-14 17:21:52.009 [info] [ms-vscode.js-debug-nightly]: Command `extension.js-debug.revealPage` appears multiple times in the `commands` section.
2022-12-14 17:21:52.009 [info] [ms-vscode.js-debug-nightly]: Command `extension.js-debug.debugLink` appears multiple times in the `commands` section.
2022-12-14 17:21:52.010 [info] [ms-vscode.js-debug-nightly]: Command `extension.js-debug.createDiagnostics` appears multiple times in the `commands` section.
2022-12-14 17:21:52.010 [info] [ms-vscode.js-debug-nightly]: Command `extension.js-debug.getDiagnosticLogs` appears multiple times in the `commands` section.
2022-12-14 17:21:52.010 [info] [ms-vscode.js-debug-nightly]: Command `extension.node-debug.startWithStopOnEntry` appears multiple times in the `commands` section.
2022-12-14 17:21:52.010 [info] [ms-vscode.js-debug-nightly]: Command `extension.js-debug.openEdgeDevTools` appears multiple times in the `commands` section.
2022-12-14 17:21:52.011 [info] [ms-vscode.js-debug-nightly]: Command `extension.js-debug.callers.add` appears multiple times in the `commands` section.
2022-12-14 17:21:52.011 [info] [ms-vscode.js-debug-nightly]: Command `extension.js-debug.callers.remove` appears multiple times in the `commands` section.
2022-12-14 17:21:52.011 [info] [ms-vscode.js-debug-nightly]: Command `extension.js-debug.callers.removeAll` appears multiple times in the `commands` section.
2022-12-14 17:21:52.011 [info] [ms-vscode.js-debug-nightly]: Command `extension.js-debug.callers.goToCaller` appears multiple times in the `commands` section.
2022-12-14 17:21:52.012 [info] [ms-vscode.js-debug-nightly]: Command `extension.js-debug.callers.gotToTarget` appears multiple times in the `commands` section.
2022-12-14 17:21:52.012 [info] [ms-vscode.js-debug-nightly]: Command `extension.js-debug.enableSourceMapStepping` appears multiple times in the `commands` section.
2022-12-14 17:21:52.012 [info] [ms-vscode.js-debug-nightly]: Command `extension.js-debug.disableSourceMapStepping` appears multiple times in the `commands` section.
2022-12-14 17:21:52.122 [info] [ms-vscode.js-debug-nightly]: Command `extension.js-debug.prettyPrint` appears multiple times in the `commands` section.
2022-12-14 17:21:52.122 [info] [ms-vscode.js-debug-nightly]: Command `extension.js-debug.toggleSkippingFile` appears multiple times in the `commands` section.
2022-12-14 17:21:52.122 [info] [ms-vscode.js-debug-nightly]: Command `extension.js-debug.addCustomBreakpoints` appears multiple times in the `commands` section.
2022-12-14 17:21:52.123 [info] [ms-vscode.js-debug-nightly]: Command `extension.js-debug.removeCustomBreakpoint` appears multiple times in the `commands` section.
2022-12-14 17:21:52.123 [info] [ms-vscode.js-debug-nightly]: Command `extension.js-debug.removeAllCustomBreakpoints` appears multiple times in the `commands` section.
2022-12-14 17:21:52.123 [info] [ms-vscode.js-debug-nightly]: Command `extension.pwa-node-debug.attachNodeProcess` appears multiple times in the `commands` section.
2022-12-14 17:21:52.123 [info] [ms-vscode.js-debug-nightly]: Command `extension.js-debug.npmScript` appears multiple times in the `commands` section.
2022-12-14 17:21:52.123 [info] [ms-vscode.js-debug-nightly]: Command `extension.js-debug.createDebuggerTerminal` appears multiple times in the `commands` section.
2022-12-14 17:21:52.123 [info] [ms-vscode.js-debug-nightly]: Command `extension.js-debug.startProfile` appears multiple times in the `commands` section.
2022-12-14 17:21:52.123 [info] [ms-vscode.js-debug-nightly]: Command `extension.js-debug.stopProfile` appears multiple times in the `commands` section.
2022-12-14 17:21:52.124 [info] [ms-vscode.js-debug-nightly]: Command `extension.js-debug.revealPage` appears multiple times in the `commands` section.
2022-12-14 17:21:52.124 [info] [ms-vscode.js-debug-nightly]: Command `extension.js-debug.debugLink` appears multiple times in the `commands` section.
2022-12-14 17:21:52.124 [info] [ms-vscode.js-debug-nightly]: Command `extension.js-debug.createDiagnostics` appears multiple times in the `commands` section.
2022-12-14 17:21:52.124 [info] [ms-vscode.js-debug-nightly]: Command `extension.js-debug.getDiagnosticLogs` appears multiple times in the `commands` section.
2022-12-14 17:21:52.124 [info] [ms-vscode.js-debug-nightly]: Command `extension.node-debug.startWithStopOnEntry` appears multiple times in the `commands` section.
2022-12-14 17:21:52.124 [info] [ms-vscode.js-debug-nightly]: Command `extension.js-debug.openEdgeDevTools` appears multiple times in the `commands` section.
2022-12-14 17:21:52.125 [info] [ms-vscode.js-debug-nightly]: Command `extension.js-debug.callers.add` appears multiple times in the `commands` section.
2022-12-14 17:21:52.125 [info] [ms-vscode.js-debug-nightly]: Command `extension.js-debug.callers.remove` appears multiple times in the `commands` section.
2022-12-14 17:21:52.125 [info] [ms-vscode.js-debug-nightly]: Command `extension.js-debug.callers.removeAll` appears multiple times in the `commands` section.
2022-12-14 17:21:52.125 [info] [ms-vscode.js-debug-nightly]: Command `extension.js-debug.callers.goToCaller` appears multiple times in the `commands` section.
2022-12-14 17:21:52.125 [info] [ms-vscode.js-debug-nightly]: Command `extension.js-debug.callers.gotToTarget` appears multiple times in the `commands` section.
2022-12-14 17:21:52.125 [info] [ms-vscode.js-debug-nightly]: Command `extension.js-debug.enableSourceMapStepping` appears multiple times in the `commands` section.
2022-12-14 17:21:52.126 [info] [ms-vscode.js-debug-nightly]: Command `extension.js-debug.disableSourceMapStepping` appears multiple times in the `commands` section.
2022-12-14 17:21:52.230 [info] [ms-vscode.js-debug-nightly]: Command `extension.js-debug.prettyPrint` appears multiple times in the `commands` section.
2022-12-14 17:21:52.230 [info] [ms-vscode.js-debug-nightly]: Command `extension.js-debug.toggleSkippingFile` appears multiple times in the `commands` section.
2022-12-14 17:21:52.230 [info] [ms-vscode.js-debug-nightly]: Command `extension.js-debug.addCustomBreakpoints` appears multiple times in the `commands` section.
2022-12-14 17:21:52.231 [info] [ms-vscode.js-debug-nightly]: Command `extension.js-debug.removeCustomBreakpoint` appears multiple times in the `commands` section.
2022-12-14 17:21:52.231 [info] [ms-vscode.js-debug-nightly]: Command `extension.js-debug.removeAllCustomBreakpoints` appears multiple times in the `commands` section.
2022-12-14 17:21:52.231 [info] [ms-vscode.js-debug-nightly]: Command `extension.pwa-node-debug.attachNodeProcess` appears multiple times in the `commands` section.
2022-12-14 17:21:52.231 [info] [ms-vscode.js-debug-nightly]: Command `extension.js-debug.npmScript` appears multiple times in the `commands` section.
2022-12-14 17:21:52.231 [info] [ms-vscode.js-debug-nightly]: Command `extension.js-debug.createDebuggerTerminal` appears multiple times in the `commands` section.
2022-12-14 17:21:52.231 [info] [ms-vscode.js-debug-nightly]: Command `extension.js-debug.startProfile` appears multiple times in the `commands` section.
2022-12-14 17:21:52.232 [info] [ms-vscode.js-debug-nightly]: Command `extension.js-debug.stopProfile` appears multiple times in the `commands` section.
2022-12-14 17:21:52.232 [info] [ms-vscode.js-debug-nightly]: Command `extension.js-debug.revealPage` appears multiple times in the `commands` section.
2022-12-14 17:21:52.232 [info] [ms-vscode.js-debug-nightly]: Command `extension.js-debug.debugLink` appears multiple times in the `commands` section.
2022-12-14 17:21:52.232 [info] [ms-vscode.js-debug-nightly]: Command `extension.js-debug.createDiagnostics` appears multiple times in the `commands` section.
2022-12-14 17:21:52.232 [info] [ms-vscode.js-debug-nightly]: Command `extension.js-debug.getDiagnosticLogs` appears multiple times in the `commands` section.
2022-12-14 17:21:52.232 [info] [ms-vscode.js-debug-nightly]: Command `extension.node-debug.startWithStopOnEntry` appears multiple times in the `commands` section.
2022-12-14 17:21:52.233 [info] [ms-vscode.js-debug-nightly]: Command `extension.js-debug.openEdgeDevTools` appears multiple times in the `commands` section.
2022-12-14 17:21:52.233 [info] [ms-vscode.js-debug-nightly]: Command `extension.js-debug.callers.add` appears multiple times in the `commands` section.
2022-12-14 17:21:52.233 [info] [ms-vscode.js-debug-nightly]: Command `extension.js-debug.callers.remove` appears multiple times in the `commands` section.
2022-12-14 17:21:52.233 [info] [ms-vscode.js-debug-nightly]: Command `extension.js-debug.callers.removeAll` appears multiple times in the `commands` section.
2022-12-14 17:21:52.233 [info] [ms-vscode.js-debug-nightly]: Command `extension.js-debug.callers.goToCaller` appears multiple times in the `commands` section.
2022-12-14 17:21:52.233 [info] [ms-vscode.js-debug-nightly]: Command `extension.js-debug.callers.gotToTarget` appears multiple times in the `commands` section.
2022-12-14 17:21:52.234 [info] [ms-vscode.js-debug-nightly]: Command `extension.js-debug.enableSourceMapStepping` appears multiple times in the `commands` section.
2022-12-14 17:21:52.234 [info] [ms-vscode.js-debug-nightly]: Command `extension.js-debug.disableSourceMapStepping` appears multiple times in the `commands` section.
2022-12-14 17:21:52.976 [error] [Extension Host] validating /home/xd/.config/Code/User/globalStorage/tabnine.tabnine-vscode/binaries/4.4.200/x86_64-unknown-linux-musl/TabNine timeout
2022-12-14 17:21:53.997 [info] [ms-vscode.js-debug-nightly]: Command `extension.js-debug.prettyPrint` appears multiple times in the `commands` section.
2022-12-14 17:21:53.997 [info] [ms-vscode.js-debug-nightly]: Command `extension.js-debug.toggleSkippingFile` appears multiple times in the `commands` section.
2022-12-14 17:21:53.997 [info] [ms-vscode.js-debug-nightly]: Command `extension.js-debug.addCustomBreakpoints` appears multiple times in the `commands` section.
2022-12-14 17:21:53.997 [info] [ms-vscode.js-debug-nightly]: Command `extension.js-debug.removeCustomBreakpoint` appears multiple times in the `commands` section.
2022-12-14 17:21:53.997 [info] [ms-vscode.js-debug-nightly]: Command `extension.js-debug.removeAllCustomBreakpoints` appears multiple times in the `commands` section.
2022-12-14 17:21:53.998 [info] [ms-vscode.js-debug-nightly]: Command `extension.pwa-node-debug.attachNodeProcess` appears multiple times in the `commands` section.
2022-12-14 17:21:53.998 [info] [ms-vscode.js-debug-nightly]: Command `extension.js-debug.npmScript` appears multiple times in the `commands` section.
2022-12-14 17:21:53.998 [info] [ms-vscode.js-debug-nightly]: Command `extension.js-debug.createDebuggerTerminal` appears multiple times in the `commands` section.
2022-12-14 17:21:53.998 [info] [ms-vscode.js-debug-nightly]: Command `extension.js-debug.startProfile` appears multiple times in the `commands` section.
2022-12-14 17:21:53.998 [info] [ms-vscode.js-debug-nightly]: Command `extension.js-debug.stopProfile` appears multiple times in the `commands` section.
2022-12-14 17:21:53.998 [info] [ms-vscode.js-debug-nightly]: Command `extension.js-debug.revealPage` appears multiple times in the `commands` section.
2022-12-14 17:21:53.999 [info] [ms-vscode.js-debug-nightly]: Command `extension.js-debug.debugLink` appears multiple times in the `commands` section.
2022-12-14 17:21:53.999 [info] [ms-vscode.js-debug-nightly]: Command `extension.js-debug.createDiagnostics` appears multiple times in the `commands` section.
2022-12-14 17:21:53.999 [info] [ms-vscode.js-debug-nightly]: Command `extension.js-debug.getDiagnosticLogs` appears multiple times in the `commands` section.
2022-12-14 17:21:53.999 [info] [ms-vscode.js-debug-nightly]: Command `extension.node-debug.startWithStopOnEntry` appears multiple times in the `commands` section.
2022-12-14 17:21:53.999 [info] [ms-vscode.js-debug-nightly]: Command `extension.js-debug.openEdgeDevTools` appears multiple times in the `commands` section.
2022-12-14 17:21:53.999 [info] [ms-vscode.js-debug-nightly]: Command `extension.js-debug.callers.add` appears multiple times in the `commands` section.
2022-12-14 17:21:54.000 [info] [ms-vscode.js-debug-nightly]: Command `extension.js-debug.callers.remove` appears multiple times in the `commands` section.
2022-12-14 17:21:54.000 [info] [ms-vscode.js-debug-nightly]: Command `extension.js-debug.callers.removeAll` appears multiple times in the `commands` section.
2022-12-14 17:21:54.000 [info] [ms-vscode.js-debug-nightly]: Command `extension.js-debug.callers.goToCaller` appears multiple times in the `commands` section.
2022-12-14 17:21:54.000 [info] [ms-vscode.js-debug-nightly]: Command `extension.js-debug.callers.gotToTarget` appears multiple times in the `commands` section.
2022-12-14 17:21:54.000 [info] [ms-vscode.js-debug-nightly]: Command `extension.js-debug.enableSourceMapStepping` appears multiple times in the `commands` section.
2022-12-14 17:21:54.000 [info] [ms-vscode.js-debug-nightly]: Command `extension.js-debug.disableSourceMapStepping` appears multiple times in the `commands` section.
2022-12-14 17:21:58.259 [info] [ms-vscode.js-debug-nightly]: Command `extension.js-debug.prettyPrint` appears multiple times in the `commands` section.
2022-12-14 17:21:58.307 [info] [ms-vscode.js-debug-nightly]: Command `extension.js-debug.toggleSkippingFile` appears multiple times in the `commands` section.
2022-12-14 17:21:58.307 [info] [ms-vscode.js-debug-nightly]: Command `extension.js-debug.addCustomBreakpoints` appears multiple times in the `commands` section.
2022-12-14 17:21:58.307 [info] [ms-vscode.js-debug-nightly]: Command `extension.js-debug.removeCustomBreakpoint` appears multiple times in the `commands` section.
2022-12-14 17:21:58.308 [info] [ms-vscode.js-debug-nightly]: Command `extension.js-debug.removeAllCustomBreakpoints` appears multiple times in the `commands` section.
2022-12-14 17:21:58.308 [info] [ms-vscode.js-debug-nightly]: Command `extension.pwa-node-debug.attachNodeProcess` appears multiple times in the `commands` section.
2022-12-14 17:21:58.309 [info] [ms-vscode.js-debug-nightly]: Command `extension.js-debug.npmScript` appears multiple times in the `commands` section.
2022-12-14 17:21:58.309 [info] [ms-vscode.js-debug-nightly]: Command `extension.js-debug.createDebuggerTerminal` appears multiple times in the `commands` section.
2022-12-14 17:21:58.310 [info] [ms-vscode.js-debug-nightly]: Command `extension.js-debug.startProfile` appears multiple times in the `commands` section.
2022-12-14 17:21:58.310 [info] [ms-vscode.js-debug-nightly]: Command `extension.js-debug.stopProfile` appears multiple times in the `commands` section.
2022-12-14 17:21:58.310 [info] [ms-vscode.js-debug-nightly]: Command `extension.js-debug.revealPage` appears multiple times in the `commands` section.
2022-12-14 17:21:58.311 [info] [ms-vscode.js-debug-nightly]: Command `extension.js-debug.debugLink` appears multiple times in the `commands` section.
2022-12-14 17:21:58.311 [info] [ms-vscode.js-debug-nightly]: Command `extension.js-debug.createDiagnostics` appears multiple times in the `commands` section.
2022-12-14 17:21:58.312 [info] [ms-vscode.js-debug-nightly]: Command `extension.js-debug.getDiagnosticLogs` appears multiple times in the `commands` section.
2022-12-14 17:21:58.312 [info] [ms-vscode.js-debug-nightly]: Command `extension.node-debug.startWithStopOnEntry` appears multiple times in the `commands` section.
2022-12-14 17:21:58.312 [info] [ms-vscode.js-debug-nightly]: Command `extension.js-debug.openEdgeDevTools` appears multiple times in the `commands` section.
2022-12-14 17:21:58.313 [info] [ms-vscode.js-debug-nightly]: Command `extension.js-debug.callers.add` appears multiple times in the `commands` section.
2022-12-14 17:21:58.313 [info] [ms-vscode.js-debug-nightly]: Command `extension.js-debug.callers.remove` appears multiple times in the `commands` section.
2022-12-14 17:21:58.314 [info] [ms-vscode.js-debug-nightly]: Command `extension.js-debug.callers.removeAll` appears multiple times in the `commands` section.
2022-12-14 17:21:58.314 [info] [ms-vscode.js-debug-nightly]: Command `extension.js-debug.callers.goToCaller` appears multiple times in the `commands` section.
2022-12-14 17:21:58.314 [info] [ms-vscode.js-debug-nightly]: Command `extension.js-debug.callers.gotToTarget` appears multiple times in the `commands` section.
2022-12-14 17:21:58.315 [info] [ms-vscode.js-debug-nightly]: Command `extension.js-debug.enableSourceMapStepping` appears multiple times in the `commands` section.
2022-12-14 17:21:58.315 [info] [ms-vscode.js-debug-nightly]: Command `extension.js-debug.disableSourceMapStepping` appears multiple times in the `commands` section.
2022-12-14 17:22:01.262 [info] [ms-vscode.js-debug-nightly]: Command `extension.js-debug.prettyPrint` appears multiple times in the `commands` section.
2022-12-14 17:22:01.262 [info] [ms-vscode.js-debug-nightly]: Command `extension.js-debug.toggleSkippingFile` appears multiple times in the `commands` section.
2022-12-14 17:22:01.263 [info] [ms-vscode.js-debug-nightly]: Command `extension.js-debug.addCustomBreakpoints` appears multiple times in the `commands` section.
2022-12-14 17:22:01.263 [info] [ms-vscode.js-debug-nightly]: Command `extension.js-debug.removeCustomBreakpoint` appears multiple times in the `commands` section.
2022-12-14 17:22:01.263 [info] [ms-vscode.js-debug-nightly]: Command `extension.js-debug.removeAllCustomBreakpoints` appears multiple times in the `commands` section.
2022-12-14 17:22:01.263 [info] [ms-vscode.js-debug-nightly]: Command `extension.pwa-node-debug.attachNodeProcess` appears multiple times in the `commands` section.
2022-12-14 17:22:01.263 [info] [ms-vscode.js-debug-nightly]: Command `extension.js-debug.npmScript` appears multiple times in the `commands` section.
2022-12-14 17:22:01.263 [info] [ms-vscode.js-debug-nightly]: Command `extension.js-debug.createDebuggerTerminal` appears multiple times in the `commands` section.
2022-12-14 17:22:01.264 [info] [ms-vscode.js-debug-nightly]: Command `extension.js-debug.startProfile` appears multiple times in the `commands` section.
2022-12-14 17:22:01.264 [info] [ms-vscode.js-debug-nightly]: Command `extension.js-debug.stopProfile` appears multiple times in the `commands` section.
2022-12-14 17:22:01.264 [info] [ms-vscode.js-debug-nightly]: Command `extension.js-debug.revealPage` appears multiple times in the `commands` section.
2022-12-14 17:22:01.264 [info] [ms-vscode.js-debug-nightly]: Command `extension.js-debug.debugLink` appears multiple times in the `commands` section.
2022-12-14 17:22:01.264 [info] [ms-vscode.js-debug-nightly]: Command `extension.js-debug.createDiagnostics` appears multiple times in the `commands` section.
2022-12-14 17:22:01.265 [info] [ms-vscode.js-debug-nightly]: Command `extension.js-debug.getDiagnosticLogs` appears multiple times in the `commands` section.
2022-12-14 17:22:01.265 [info] [ms-vscode.js-debug-nightly]: Command `extension.node-debug.startWithStopOnEntry` appears multiple times in the `commands` section.
2022-12-14 17:22:01.265 [info] [ms-vscode.js-debug-nightly]: Command `extension.js-debug.openEdgeDevTools` appears multiple times in the `commands` section.
2022-12-14 17:22:01.265 [info] [ms-vscode.js-debug-nightly]: Command `extension.js-debug.callers.add` appears multiple times in the `commands` section.
2022-12-14 17:22:01.265 [info] [ms-vscode.js-debug-nightly]: Command `extension.js-debug.callers.remove` appears multiple times in the `commands` section.
2022-12-14 17:22:01.266 [info] [ms-vscode.js-debug-nightly]: Command `extension.js-debug.callers.removeAll` appears multiple times in the `commands` section.
2022-12-14 17:22:01.266 [info] [ms-vscode.js-debug-nightly]: Command `extension.js-debug.callers.goToCaller` appears multiple times in the `commands` section.
2022-12-14 17:22:01.266 [info] [ms-vscode.js-debug-nightly]: Command `extension.js-debug.callers.gotToTarget` appears multiple times in the `commands` section.
2022-12-14 17:22:01.266 [info] [ms-vscode.js-debug-nightly]: Command `extension.js-debug.enableSourceMapStepping` appears multiple times in the `commands` section.
2022-12-14 17:22:01.266 [info] [ms-vscode.js-debug-nightly]: Command `extension.js-debug.disableSourceMapStepping` appears multiple times in the `commands` section.
2022-12-14 17:22:01.774 [info] [ms-vscode.js-debug-nightly]: Command `extension.js-debug.prettyPrint` appears multiple times in the `commands` section.
2022-12-14 17:22:01.774 [info] [ms-vscode.js-debug-nightly]: Command `extension.js-debug.toggleSkippingFile` appears multiple times in the `commands` section.
2022-12-14 17:22:01.774 [info] [ms-vscode.js-debug-nightly]: Command `extension.js-debug.addCustomBreakpoints` appears multiple times in the `commands` section.
2022-12-14 17:22:01.774 [info] [ms-vscode.js-debug-nightly]: Command `extension.js-debug.removeCustomBreakpoint` appears multiple times in the `commands` section.
2022-12-14 17:22:01.775 [info] [ms-vscode.js-debug-nightly]: Command `extension.js-debug.removeAllCustomBreakpoints` appears multiple times in the `commands` section.
2022-12-14 17:22:01.775 [info] [ms-vscode.js-debug-nightly]: Command `extension.pwa-node-debug.attachNodeProcess` appears multiple times in the `commands` section.
2022-12-14 17:22:01.775 [info] [ms-vscode.js-debug-nightly]: Command `extension.js-debug.npmScript` appears multiple times in the `commands` section.
2022-12-14 17:22:01.775 [info] [ms-vscode.js-debug-nightly]: Command `extension.js-debug.createDebuggerTerminal` appears multiple times in the `commands` section.
2022-12-14 17:22:01.775 [info] [ms-vscode.js-debug-nightly]: Command `extension.js-debug.startProfile` appears multiple times in the `commands` section.
2022-12-14 17:22:01.776 [info] [ms-vscode.js-debug-nightly]: Command `extension.js-debug.stopProfile` appears multiple times in the `commands` section.
2022-12-14 17:22:01.776 [info] [ms-vscode.js-debug-nightly]: Command `extension.js-debug.revealPage` appears multiple times in the `commands` section.
2022-12-14 17:22:01.776 [info] [ms-vscode.js-debug-nightly]: Command `extension.js-debug.debugLink` appears multiple times in the `commands` section.
2022-12-14 17:22:01.776 [info] [ms-vscode.js-debug-nightly]: Command `extension.js-debug.createDiagnostics` appears multiple times in the `commands` section.
2022-12-14 17:22:01.776 [info] [ms-vscode.js-debug-nightly]: Command `extension.js-debug.getDiagnosticLogs` appears multiple times in the `commands` section.
2022-12-14 17:22:01.777 [info] [ms-vscode.js-debug-nightly]: Command `extension.node-debug.startWithStopOnEntry` appears multiple times in the `commands` section.
2022-12-14 17:22:01.777 [info] [ms-vscode.js-debug-nightly]: Command `extension.js-debug.openEdgeDevTools` appears multiple times in the `commands` section.
2022-12-14 17:22:01.777 [info] [ms-vscode.js-debug-nightly]: Command `extension.js-debug.callers.add` appears multiple times in the `commands` section.
2022-12-14 17:22:01.777 [info] [ms-vscode.js-debug-nightly]: Command `extension.js-debug.callers.remove` appears multiple times in the `commands` section.
2022-12-14 17:22:01.778 [info] [ms-vscode.js-debug-nightly]: Command `extension.js-debug.callers.removeAll` appears multiple times in the `commands` section.
2022-12-14 17:22:01.778 [info] [ms-vscode.js-debug-nightly]: Command `extension.js-debug.callers.goToCaller` appears multiple times in the `commands` section.
2022-12-14 17:22:01.778 [info] [ms-vscode.js-debug-nightly]: Command `extension.js-debug.callers.gotToTarget` appears multiple times in the `commands` section.
2022-12-14 17:22:01.779 [info] [ms-vscode.js-debug-nightly]: Command `extension.js-debug.enableSourceMapStepping` appears multiple times in the `commands` section.
2022-12-14 17:22:01.779 [info] [ms-vscode.js-debug-nightly]: Command `extension.js-debug.disableSourceMapStepping` appears multiple times in the `commands` section.
2022-12-14 17:22:02.334 [info] [ms-vscode.js-debug-nightly]: Command `extension.js-debug.prettyPrint` appears multiple times in the `commands` section.
2022-12-14 17:22:02.335 [info] [ms-vscode.js-debug-nightly]: Command `extension.js-debug.toggleSkippingFile` appears multiple times in the `commands` section.
2022-12-14 17:22:02.335 [info] [ms-vscode.js-debug-nightly]: Command `extension.js-debug.addCustomBreakpoints` appears multiple times in the `commands` section.
2022-12-14 17:22:02.335 [info] [ms-vscode.js-debug-nightly]: Command `extension.js-debug.removeCustomBreakpoint` appears multiple times in the `commands` section.
2022-12-14 17:22:02.335 [info] [ms-vscode.js-debug-nightly]: Command `extension.js-debug.removeAllCustomBreakpoints` appears multiple times in the `commands` section.
2022-12-14 17:22:02.336 [info] [ms-vscode.js-debug-nightly]: Command `extension.pwa-node-debug.attachNodeProcess` appears multiple times in the `commands` section.
2022-12-14 17:22:02.336 [info] [ms-vscode.js-debug-nightly]: Command `extension.js-debug.npmScript` appears multiple times in the `commands` section.
2022-12-14 17:22:02.336 [info] [ms-vscode.js-debug-nightly]: Command `extension.js-debug.createDebuggerTerminal` appears multiple times in the `commands` section.
2022-12-14 17:22:02.336 [info] [ms-vscode.js-debug-nightly]: Command `extension.js-debug.startProfile` appears multiple times in the `commands` section.
2022-12-14 17:22:02.337 [info] [ms-vscode.js-debug-nightly]: Command `extension.js-debug.stopProfile` appears multiple times in the `commands` section.
2022-12-14 17:22:02.337 [info] [ms-vscode.js-debug-nightly]: Command `extension.js-debug.revealPage` appears multiple times in the `commands` section.
2022-12-14 17:22:02.337 [info] [ms-vscode.js-debug-nightly]: Command `extension.js-debug.debugLink` appears multiple times in the `commands` section.
2022-12-14 17:22:02.337 [info] [ms-vscode.js-debug-nightly]: Command `extension.js-debug.createDiagnostics` appears multiple times in the `commands` section.
2022-12-14 17:22:02.338 [info] [ms-vscode.js-debug-nightly]: Command `extension.js-debug.getDiagnosticLogs` appears multiple times in the `commands` section.
2022-12-14 17:22:02.338 [info] [ms-vscode.js-debug-nightly]: Command `extension.node-debug.startWithStopOnEntry` appears multiple times in the `commands` section.
2022-12-14 17:22:02.338 [info] [ms-vscode.js-debug-nightly]: Command `extension.js-debug.openEdgeDevTools` appears multiple times in the `commands` section.
2022-12-14 17:22:02.339 [info] [ms-vscode.js-debug-nightly]: Command `extension.js-debug.callers.add` appears multiple times in the `commands` section.
2022-12-14 17:22:02.339 [info] [ms-vscode.js-debug-nightly]: Command `extension.js-debug.callers.remove` appears multiple times in the `commands` section.
2022-12-14 17:22:02.339 [info] [ms-vscode.js-debug-nightly]: Command `extension.js-debug.callers.removeAll` appears multiple times in the `commands` section.
2022-12-14 17:22:02.339 [info] [ms-vscode.js-debug-nightly]: Command `extension.js-debug.callers.goToCaller` appears multiple times in the `commands` section.
2022-12-14 17:22:02.339 [info] [ms-vscode.js-debug-nightly]: Command `extension.js-debug.callers.gotToTarget` appears multiple times in the `commands` section.
2022-12-14 17:22:02.339 [info] [ms-vscode.js-debug-nightly]: Command `extension.js-debug.enableSourceMapStepping` appears multiple times in the `commands` section.
2022-12-14 17:22:02.340 [info] [ms-vscode.js-debug-nightly]: Command `extension.js-debug.disableSourceMapStepping` appears multiple times in the `commands` section.
2022-12-14 17:22:02.504 [info] [ms-vscode.js-debug-nightly]: Command `extension.js-debug.prettyPrint` appears multiple times in the `commands` section.
2022-12-14 17:22:02.504 [info] [ms-vscode.js-debug-nightly]: Command `extension.js-debug.toggleSkippingFile` appears multiple times in the `commands` section.
2022-12-14 17:22:02.504 [info] [ms-vscode.js-debug-nightly]: Command `extension.js-debug.addCustomBreakpoints` appears multiple times in the `commands` section.
2022-12-14 17:22:02.505 [info] [ms-vscode.js-debug-nightly]: Command `extension.js-debug.removeCustomBreakpoint` appears multiple times in the `commands` section.
2022-12-14 17:22:02.505 [info] [ms-vscode.js-debug-nightly]: Command `extension.js-debug.removeAllCustomBreakpoints` appears multiple times in the `commands` section.
2022-12-14 17:22:02.505 [info] [ms-vscode.js-debug-nightly]: Command `extension.pwa-node-debug.attachNodeProcess` appears multiple times in the `commands` section.
2022-12-14 17:22:02.505 [info] [ms-vscode.js-debug-nightly]: Command `extension.js-debug.npmScript` appears multiple times in the `commands` section.
2022-12-14 17:22:02.505 [info] [ms-vscode.js-debug-nightly]: Command `extension.js-debug.createDebuggerTerminal` appears multiple times in the `commands` section.
2022-12-14 17:22:02.505 [info] [ms-vscode.js-debug-nightly]: Command `extension.js-debug.startProfile` appears multiple times in the `commands` section.
2022-12-14 17:22:02.506 [info] [ms-vscode.js-debug-nightly]: Command `extension.js-debug.stopProfile` appears multiple times in the `commands` section.
2022-12-14 17:22:02.506 [info] [ms-vscode.js-debug-nightly]: Command `extension.js-debug.revealPage` appears multiple times in the `commands` section.
2022-12-14 17:22:02.506 [info] [ms-vscode.js-debug-nightly]: Command `extension.js-debug.debugLink` appears multiple times in the `commands` section.
2022-12-14 17:22:02.506 [info] [ms-vscode.js-debug-nightly]: Command `extension.js-debug.createDiagnostics` appears multiple times in the `commands` section.
2022-12-14 17:22:02.506 [info] [ms-vscode.js-debug-nightly]: Command `extension.js-debug.getDiagnosticLogs` appears multiple times in the `commands` section.
2022-12-14 17:22:02.506 [info] [ms-vscode.js-debug-nightly]: Command `extension.node-debug.startWithStopOnEntry` appears multiple times in the `commands` section.
2022-12-14 17:22:02.507 [info] [ms-vscode.js-debug-nightly]: Command `extension.js-debug.openEdgeDevTools` appears multiple times in the `commands` section.
2022-12-14 17:22:02.507 [info] [ms-vscode.js-debug-nightly]: Command `extension.js-debug.callers.add` appears multiple times in the `commands` section.
2022-12-14 17:22:02.507 [info] [ms-vscode.js-debug-nightly]: Command `extension.js-debug.callers.remove` appears multiple times in the `commands` section.
2022-12-14 17:22:02.507 [info] [ms-vscode.js-debug-nightly]: Command `extension.js-debug.callers.removeAll` appears multiple times in the `commands` section.
2022-12-14 17:22:02.507 [info] [ms-vscode.js-debug-nightly]: Command `extension.js-debug.callers.goToCaller` appears multiple times in the `commands` section.
2022-12-14 17:22:02.507 [info] [ms-vscode.js-debug-nightly]: Command `extension.js-debug.callers.gotToTarget` appears multiple times in the `commands` section.
2022-12-14 17:22:02.507 [info] [ms-vscode.js-debug-nightly]: Command `extension.js-debug.enableSourceMapStepping` appears multiple times in the `commands` section.
2022-12-14 17:22:02.508 [info] [ms-vscode.js-debug-nightly]: Command `extension.js-debug.disableSourceMapStepping` appears multiple times in the `commands` section.
2022-12-14 17:22:03.214 [info] [ms-vscode.js-debug-nightly]: Command `extension.js-debug.prettyPrint` appears multiple times in the `commands` section.
2022-12-14 17:22:03.214 [info] [ms-vscode.js-debug-nightly]: Command `extension.js-debug.toggleSkippingFile` appears multiple times in the `commands` section.
2022-12-14 17:22:03.214 [info] [ms-vscode.js-debug-nightly]: Command `extension.js-debug.addCustomBreakpoints` appears multiple times in the `commands` section.
2022-12-14 17:22:03.214 [info] [ms-vscode.js-debug-nightly]: Command `extension.js-debug.removeCustomBreakpoint` appears multiple times in the `commands` section.
2022-12-14 17:22:03.215 [info] [ms-vscode.js-debug-nightly]: Command `extension.js-debug.removeAllCustomBreakpoints` appears multiple times in the `commands` section.
2022-12-14 17:22:03.215 [info] [ms-vscode.js-debug-nightly]: Command `extension.pwa-node-debug.attachNodeProcess` appears multiple times in the `commands` section.
2022-12-14 17:22:03.215 [info] [ms-vscode.js-debug-nightly]: Command `extension.js-debug.npmScript` appears multiple times in the `commands` section.
2022-12-14 17:22:03.215 [info] [ms-vscode.js-debug-nightly]: Command `extension.js-debug.createDebuggerTerminal` appears multiple times in the `commands` section.
2022-12-14 17:22:03.215 [info] [ms-vscode.js-debug-nightly]: Command `extension.js-debug.startProfile` appears multiple times in the `commands` section.
2022-12-14 17:22:03.215 [info] [ms-vscode.js-debug-nightly]: Command `extension.js-debug.stopProfile` appears multiple times in the `commands` section.
2022-12-14 17:22:03.216 [info] [ms-vscode.js-debug-nightly]: Command `extension.js-debug.revealPage` appears multiple times in the `commands` section.
2022-12-14 17:22:03.216 [info] [ms-vscode.js-debug-nightly]: Command `extension.js-debug.debugLink` appears multiple times in the `commands` section.
2022-12-14 17:22:03.216 [info] [ms-vscode.js-debug-nightly]: Command `extension.js-debug.createDiagnostics` appears multiple times in the `commands` section.
2022-12-14 17:22:03.216 [info] [ms-vscode.js-debug-nightly]: Command `extension.js-debug.getDiagnosticLogs` appears multiple times in the `commands` section.
2022-12-14 17:22:03.216 [info] [ms-vscode.js-debug-nightly]: Command `extension.node-debug.startWithStopOnEntry` appears multiple times in the `commands` section.
2022-12-14 17:22:03.216 [info] [ms-vscode.js-debug-nightly]: Command `extension.js-debug.openEdgeDevTools` appears multiple times in the `commands` section.
2022-12-14 17:22:03.217 [info] [ms-vscode.js-debug-nightly]: Command `extension.js-debug.callers.add` appears multiple times in the `commands` section.
2022-12-14 17:22:03.217 [info] [ms-vscode.js-debug-nightly]: Command `extension.js-debug.callers.remove` appears multiple times in the `commands` section.
2022-12-14 17:22:03.217 [info] [ms-vscode.js-debug-nightly]: Command `extension.js-debug.callers.removeAll` appears multiple times in the `commands` section.
2022-12-14 17:22:03.217 [info] [ms-vscode.js-debug-nightly]: Command `extension.js-debug.callers.goToCaller` appears multiple times in the `commands` section.
2022-12-14 17:22:03.217 [info] [ms-vscode.js-debug-nightly]: Command `extension.js-debug.callers.gotToTarget` appears multiple times in the `commands` section.
2022-12-14 17:22:03.217 [info] [ms-vscode.js-debug-nightly]: Command `extension.js-debug.enableSourceMapStepping` appears multiple times in the `commands` section.
2022-12-14 17:22:03.218 [info] [ms-vscode.js-debug-nightly]: Command `extension.js-debug.disableSourceMapStepping` appears multiple times in the `commands` section.
2022-12-14 17:22:05.757 [info] [ms-vscode.js-debug-nightly]: Command `extension.js-debug.prettyPrint` appears multiple times in the `commands` section.
2022-12-14 17:22:05.757 [info] [ms-vscode.js-debug-nightly]: Command `extension.js-debug.toggleSkippingFile` appears multiple times in the `commands` section.
2022-12-14 17:22:05.757 [info] [ms-vscode.js-debug-nightly]: Command `extension.js-debug.addCustomBreakpoints` appears multiple times in the `commands` section.
2022-12-14 17:22:05.757 [info] [ms-vscode.js-debug-nightly]: Command `extension.js-debug.removeCustomBreakpoint` appears multiple times in the `commands` section.
2022-12-14 17:22:05.757 [info] [ms-vscode.js-debug-nightly]: Command `extension.js-debug.removeAllCustomBreakpoints` appears multiple times in the `commands` section.
2022-12-14 17:22:05.758 [info] [ms-vscode.js-debug-nightly]: Command `extension.pwa-node-debug.attachNodeProcess` appears multiple times in the `commands` section.
2022-12-14 17:22:05.758 [info] [ms-vscode.js-debug-nightly]: Command `extension.js-debug.npmScript` appears multiple times in the `commands` section.
2022-12-14 17:22:05.758 [info] [ms-vscode.js-debug-nightly]: Command `extension.js-debug.createDebuggerTerminal` appears multiple times in the `commands` section.
2022-12-14 17:22:05.758 [info] [ms-vscode.js-debug-nightly]: Command `extension.js-debug.startProfile` appears multiple times in the `commands` section.
2022-12-14 17:22:05.758 [info] [ms-vscode.js-debug-nightly]: Command `extension.js-debug.stopProfile` appears multiple times in the `commands` section.
2022-12-14 17:22:05.758 [info] [ms-vscode.js-debug-nightly]: Command `extension.js-debug.revealPage` appears multiple times in the `commands` section.
2022-12-14 17:22:05.759 [info] [ms-vscode.js-debug-nightly]: Command `extension.js-debug.debugLink` appears multiple times in the `commands` section.
2022-12-14 17:22:05.759 [info] [ms-vscode.js-debug-nightly]: Command `extension.js-debug.createDiagnostics` appears multiple times in the `commands` section.
2022-12-14 17:22:05.759 [info] [ms-vscode.js-debug-nightly]: Command `extension.js-debug.getDiagnosticLogs` appears multiple times in the `commands` section.
2022-12-14 17:22:05.759 [info] [ms-vscode.js-debug-nightly]: Command `extension.node-debug.startWithStopOnEntry` appears multiple times in the `commands` section.
2022-12-14 17:22:05.759 [info] [ms-vscode.js-debug-nightly]: Command `extension.js-debug.openEdgeDevTools` appears multiple times in the `commands` section.
2022-12-14 17:22:05.759 [info] [ms-vscode.js-debug-nightly]: Command `extension.js-debug.callers.add` appears multiple times in the `commands` section.
2022-12-14 17:22:05.759 [info] [ms-vscode.js-debug-nightly]: Command `extension.js-debug.callers.remove` appears multiple times in the `commands` section.
2022-12-14 17:22:05.760 [info] [ms-vscode.js-debug-nightly]: Command `extension.js-debug.callers.removeAll` appears multiple times in the `commands` section.
2022-12-14 17:22:05.760 [info] [ms-vscode.js-debug-nightly]: Command `extension.js-debug.callers.goToCaller` appears multiple times in the `commands` section.
2022-12-14 17:22:05.760 [info] [ms-vscode.js-debug-nightly]: Command `extension.js-debug.callers.gotToTarget` appears multiple times in the `commands` section.
2022-12-14 17:22:05.761 [info] [ms-vscode.js-debug-nightly]: Command `extension.js-debug.enableSourceMapStepping` appears multiple times in the `commands` section.
2022-12-14 17:22:05.761 [info] [ms-vscode.js-debug-nightly]: Command `extension.js-debug.disableSourceMapStepping` appears multiple times in the `commands` section.
2022-12-14 17:22:10.804 [warning] [twxs.cmake]: Cannot register 'cmake.cmakePath'. This property is already registered.
2022-12-14 17:22:10.821 [info] [ms-vscode.js-debug-nightly]: Command `extension.js-debug.prettyPrint` appears multiple times in the `commands` section.
2022-12-14 17:22:10.822 [info] [ms-vscode.js-debug-nightly]: Command `extension.js-debug.toggleSkippingFile` appears multiple times in the `commands` section.
2022-12-14 17:22:10.822 [info] [ms-vscode.js-debug-nightly]: Command `extension.js-debug.addCustomBreakpoints` appears multiple times in the `commands` section.
2022-12-14 17:22:10.823 [info] [ms-vscode.js-debug-nightly]: Command `extension.js-debug.removeCustomBreakpoint` appears multiple times in the `commands` section.
2022-12-14 17:22:10.823 [info] [ms-vscode.js-debug-nightly]: Command `extension.js-debug.removeAllCustomBreakpoints` appears multiple times in the `commands` section.
2022-12-14 17:22:10.824 [info] [ms-vscode.js-debug-nightly]: Command `extension.pwa-node-debug.attachNodeProcess` appears multiple times in the `commands` section.
2022-12-14 17:22:10.824 [info] [ms-vscode.js-debug-nightly]: Command `extension.js-debug.npmScript` appears multiple times in the `commands` section.
2022-12-14 17:22:10.825 [info] [ms-vscode.js-debug-nightly]: Command `extension.js-debug.createDebuggerTerminal` appears multiple times in the `commands` section.
2022-12-14 17:22:10.825 [info] [ms-vscode.js-debug-nightly]: Command `extension.js-debug.startProfile` appears multiple times in the `commands` section.
2022-12-14 17:22:10.825 [info] [ms-vscode.js-debug-nightly]: Command `extension.js-debug.stopProfile` appears multiple times in the `commands` section.
2022-12-14 17:22:10.826 [info] [ms-vscode.js-debug-nightly]: Command `extension.js-debug.revealPage` appears multiple times in the `commands` section.
2022-12-14 17:22:10.826 [info] [ms-vscode.js-debug-nightly]: Command `extension.js-debug.debugLink` appears multiple times in the `commands` section.
2022-12-14 17:22:10.827 [info] [ms-vscode.js-debug-nightly]: Command `extension.js-debug.createDiagnostics` appears multiple times in the `commands` section.
2022-12-14 17:22:10.827 [info] [ms-vscode.js-debug-nightly]: Command `extension.js-debug.getDiagnosticLogs` appears multiple times in the `commands` section.
2022-12-14 17:22:10.827 [info] [ms-vscode.js-debug-nightly]: Command `extension.node-debug.startWithStopOnEntry` appears multiple times in the `commands` section.
2022-12-14 17:22:10.828 [info] [ms-vscode.js-debug-nightly]: Command `extension.js-debug.openEdgeDevTools` appears multiple times in the `commands` section.
2022-12-14 17:22:10.828 [info] [ms-vscode.js-debug-nightly]: Command `extension.js-debug.callers.add` appears multiple times in the `commands` section.
2022-12-14 17:22:10.828 [info] [ms-vscode.js-debug-nightly]: Command `extension.js-debug.callers.remove` appears multiple times in the `commands` section.
2022-12-14 17:22:10.829 [info] [ms-vscode.js-debug-nightly]: Command `extension.js-debug.callers.removeAll` appears multiple times in the `commands` section.
2022-12-14 17:22:10.829 [info] [ms-vscode.js-debug-nightly]: Command `extension.js-debug.callers.goToCaller` appears multiple times in the `commands` section.
2022-12-14 17:22:10.830 [info] [ms-vscode.js-debug-nightly]: Command `extension.js-debug.callers.gotToTarget` appears multiple times in the `commands` section.
2022-12-14 17:22:10.830 [info] [ms-vscode.js-debug-nightly]: Command `extension.js-debug.enableSourceMapStepping` appears multiple times in the `commands` section.
2022-12-14 17:22:10.830 [info] [ms-vscode.js-debug-nightly]: Command `extension.js-debug.disableSourceMapStepping` appears multiple times in the `commands` section.
