2022-12-14 17:20:03.245 [info] Added views:workbench.panel.markers.view in workbench.panel.markers
2022-12-14 17:20:03.245 [info] Added views:workbench.panel.output in workbench.panel.output
2022-12-14 17:20:03.245 [info] Added views:terminal in terminal
2022-12-14 17:20:03.245 [info] Added views:outline in workbench.view.explorer
2022-12-14 17:20:03.245 [info] Added views:workbench.scm in workbench.view.scm
2022-12-14 17:20:03.245 [info] Added views:workbench.view.search in workbench.view.search
2022-12-14 17:20:03.245 [info] Added views:timeline in workbench.view.explorer
2022-12-14 17:20:03.245 [info] Added views:workbench.explorer.emptyView in workbench.view.explorer
2022-12-14 17:20:03.245 [info] Added views:workbench.debug.variablesView,workbench.debug.watchExpressionsView,workbench.debug.callStackView,workbench.debug.breakPointsView in workbench.view.debug
2022-12-14 17:20:03.991 [info] Added views:workbench.panel.repl.view in workbench.panel.repl
2022-12-14 17:20:03.992 [info] Removed views:workbench.debug.breakPointsView,workbench.debug.callStackView,workbench.debug.watchExpressionsView,workbench.debug.variablesView from workbench.view.debug
2022-12-14 17:20:03.993 [info] Added views:workbench.debug.welcome in workbench.view.debug
2022-12-14 17:21:15.852 [info] Removed views:workbench.view.search from workbench.view.search
2022-12-14 17:21:15.854 [info] Added views:workbench.view.search in workbench.view.explorer
2022-12-14 17:21:23.019 [info] Added views:workbench.panel.comments in workbench.panel.comments
2022-12-14 17:21:23.672 [info] Added views:dockerContainers,dockerImages,dockerRegistries,dockerNetworks,dockerVolumes,vscode-docker.views.dockerContexts,vscode-docker.views.help in workbench.view.extension.dockerView
2022-12-14 17:21:52.248 [info] Added views:pr:github,issues:github in workbench.view.extension.github-pull-requests
2022-12-14 17:22:05.803 [info] Added views:gitlens.views.home in workbench.view.extension.gitlens
2022-12-14 17:22:05.805 [info] Added views:gitlens.views.commits,gitlens.views.commitDetails,gitlens.views.fileHistory,gitlens.views.branches,gitlens.views.remotes,gitlens.views.stashes,gitlens.views.tags,gitlens.views.searchAndCompare in workbench.view.scm
2022-12-14 17:22:06.215 [info] Removed views:gitlens.views.searchAndCompare,gitlens.views.tags,gitlens.views.stashes,gitlens.views.remotes,gitlens.views.branches,gitlens.views.fileHistory,gitlens.views.commitDetails,gitlens.views.commits from workbench.view.scm
2022-12-14 17:22:18.516 [info] Added views:tabnine-home in workbench.view.extension.tabnine-access
2022-12-14 17:22:18.517 [info] Added views:tabnine-notifications in workbench.view.extension.tabnine-access
2022-12-14 17:22:18.518 [info] Added views:tabnine-today in workbench.view.extension.tabnine-access
