2022-12-14 17:22:14.294 [info] Added views:workbench.panel.markers.view in workbench.panel.markers
2022-12-14 17:22:14.294 [info] Added views:workbench.panel.output in workbench.panel.output
2022-12-14 17:22:14.294 [info] Added views:terminal in terminal
2022-12-14 17:22:14.294 [info] Added views:outline in workbench.view.explorer
2022-12-14 17:22:14.294 [info] Added views:workbench.view.search in workbench.view.explorer
2022-12-14 17:22:14.294 [info] Added views:workbench.scm in workbench.view.scm
2022-12-14 17:22:14.294 [info] Added views:timeline in workbench.view.explorer
2022-12-14 17:22:14.294 [info] Added views:workbench.explorer.emptyView in workbench.view.explorer
2022-12-14 17:22:14.294 [info] Added views:workbench.debug.variablesView,workbench.debug.watchExpressionsView,workbench.debug.callStackView,workbench.debug.breakPointsView in workbench.view.debug
2022-12-14 17:22:14.802 [info] Added views:gitlens.views.home in workbench.view.extension.gitlens
2022-12-14 17:22:14.804 [info] Added views:gitlens.views.commits,gitlens.views.commitDetails,gitlens.views.fileHistory,gitlens.views.branches,gitlens.views.remotes,gitlens.views.stashes,gitlens.views.tags,gitlens.views.searchAndCompare in workbench.view.scm
2022-12-14 17:22:14.805 [info] Added views:pr:github,issues:github in workbench.view.extension.github-pull-requests
2022-12-14 17:22:14.807 [info] Added views:dockerContainers,dockerImages,dockerRegistries,dockerNetworks,dockerVolumes,vscode-docker.views.dockerContexts,vscode-docker.views.help in workbench.view.extension.dockerView
2022-12-14 17:22:15.323 [info] Added views:workbench.panel.repl.view in workbench.panel.repl
2022-12-14 17:22:15.323 [info] Removed views:workbench.debug.breakPointsView,workbench.debug.callStackView,workbench.debug.watchExpressionsView,workbench.debug.variablesView from workbench.view.debug
2022-12-14 17:22:15.324 [info] Added views:workbench.debug.welcome in workbench.view.debug
2022-12-14 17:22:15.494 [info] Added views:workbench.panel.comments in workbench.panel.comments
2022-12-14 17:22:16.214 [info] Removed views:gitlens.views.searchAndCompare,gitlens.views.tags,gitlens.views.stashes,gitlens.views.remotes,gitlens.views.branches,gitlens.views.fileHistory,gitlens.views.commitDetails,gitlens.views.commits from workbench.view.scm
2022-12-14 17:22:16.699 [info] Added views:tabnine-home in workbench.view.extension.tabnine-access
2022-12-14 17:22:16.701 [info] Added views:tabnine-notifications in workbench.view.extension.tabnine-access
2022-12-14 17:22:16.702 [info] Added views:tabnine-today in workbench.view.extension.tabnine-access
