2022-12-15 10:21:16.145 [info] Extension host with pid 10858 started
2022-12-15 10:21:16.199 [info] ExtensionService#_doActivateExtension vscode.microsoft-authentication, startup: false, activationEvent: 'onAuthenticationRequest:microsoft'
2022-12-15 10:21:16.200 [info] ExtensionService#_doActivateExtension vscode.git-base, startup: true, activationEvent: '*', root cause: vscode.git
2022-12-15 10:21:16.200 [info] ExtensionService#_doActivateExtension Cardinal90.multi-cursor-case-preserve, startup: true, activationEvent: '*'
2022-12-15 10:21:16.200 [info] ExtensionService#_doActivateExtension christian-kohler.path-intellisense, startup: true, activationEvent: '*'
2022-12-15 10:21:16.200 [info] ExtensionService#_doActivateExtension ecmel.vscode-html-css, startup: true, activationEvent: '*'
2022-12-15 10:21:16.200 [info] ExtensionService#_doActivateExtension helgardrichard.helium-icon-theme, startup: true, activationEvent: '*'
2022-12-15 10:21:16.200 [info] ExtensionService#_doActivateExtension mutantdino.resourcemonitor, startup: true, activationEvent: '*'
2022-12-15 10:21:16.201 [info] ExtensionService#_doActivateExtension TabNine.tabnine-vscode, startup: true, activationEvent: '*'
2022-12-15 10:21:16.421 [info] ExtensionService#_doActivateExtension vscode.git, startup: true, activationEvent: '*'
2022-12-15 10:21:16.421 [info] ExtensionService#_doActivateExtension vscode.github, startup: true, activationEvent: '*'
2022-12-15 10:21:16.525 [info] ExtensionService#_doActivateExtension vscode.configuration-editing, startup: false, activationEvent: 'onLanguage:jsonc'
2022-12-15 10:21:16.525 [info] ExtensionService#_doActivateExtension vscode.json-language-features, startup: false, activationEvent: 'onLanguage:jsonc'
2022-12-15 10:21:16.525 [info] ExtensionService#_doActivateExtension vscode.typescript-language-features, startup: false, activationEvent: 'onLanguage:jsonc'
2022-12-15 10:21:16.525 [info] ExtensionService#_doActivateExtension dbaeumer.vscode-eslint, startup: false, activationEvent: 'onLanguage:jsonc'
2022-12-15 10:21:16.638 [info] Eager extensions activated
2022-12-15 10:21:16.639 [info] ExtensionService#_doActivateExtension vscode.github-authentication, startup: false, activationEvent: 'onAuthenticationRequest:github'
2022-12-15 10:21:16.676 [info] ExtensionService#_doActivateExtension vscode.debug-auto-launch, startup: false, activationEvent: 'onStartupFinished'
2022-12-15 10:21:16.676 [info] ExtensionService#_doActivateExtension vscode.emmet, startup: false, activationEvent: 'onStartupFinished'
2022-12-15 10:21:16.676 [info] ExtensionService#_doActivateExtension vscode.merge-conflict, startup: false, activationEvent: 'onStartupFinished'
2022-12-15 10:21:16.676 [info] ExtensionService#_doActivateExtension bierner.emojisense, startup: false, activationEvent: 'onStartupFinished'
2022-12-15 10:21:16.676 [info] ExtensionService#_doActivateExtension bradlc.vscode-tailwindcss, startup: false, activationEvent: 'onStartupFinished'
2022-12-15 10:21:16.677 [info] ExtensionService#_doActivateExtension dsznajder.es7-react-js-snippets, startup: false, activationEvent: 'onStartupFinished'
2022-12-15 10:21:16.677 [info] ExtensionService#_doActivateExtension eamodio.gitlens, startup: false, activationEvent: 'onStartupFinished'
2022-12-15 10:21:16.677 [info] ExtensionService#_doActivateExtension vscode.npm, startup: false, activationEvent: 'onStartupFinished', root cause: esbenp.prettier-vscode
2022-12-15 10:21:16.677 [info] ExtensionService#_doActivateExtension formulahendry.code-runner, startup: false, activationEvent: 'onStartupFinished'
2022-12-15 10:21:16.677 [info] ExtensionService#_doActivateExtension ritwickdey.LiveServer, startup: false, activationEvent: 'onStartupFinished'
2022-12-15 10:21:16.677 [info] ExtensionService#_doActivateExtension zhuangtongfa.material-theme, startup: false, activationEvent: 'onStartupFinished'
2022-12-15 10:21:17.248 [info] ExtensionService#_doActivateExtension GitHub.vscode-pull-request-github, startup: false, activationEvent: 'onStartupFinished'
2022-12-15 10:21:17.281 [info] ExtensionService#_doActivateExtension esbenp.prettier-vscode, startup: false, activationEvent: 'onStartupFinished'
2022-12-15 10:21:17.344 [info] ExtensionService#_doActivateExtension ms-vscode.js-debug, startup: false, activationEvent: 'onLanguage:ReactNativeToolsOutput', root cause: msjsdiag.vscode-react-native
2022-12-15 10:21:17.469 [info] ExtensionService#_doActivateExtension msjsdiag.vscode-react-native, startup: false, activationEvent: 'onLanguage:ReactNativeToolsOutput'
2022-12-15 10:22:33.662 [error] TypeError: s.tmpDir is not a function
	at e._sendFirstFileOnDisk (/home/xd/.vscode/extensions/msjsdiag.vscode-react-native-1.10.0/dist/rn-extension.js:1:25358)
	at Timeout._onTimeout (/home/xd/.vscode/extensions/msjsdiag.vscode-react-native-1.10.0/dist/rn-extension.js:1:24162)
	at listOnTimeout (node:internal/timers:559:17)
	at process.processTimers (node:internal/timers:502:7)
2022-12-15 11:08:40.492 [info] Extension host terminating: received terminate message from renderer
2022-12-15 11:08:41.542 [info] Extension host with pid 10858 exiting with code 0
