2022-12-14 17:23:04.126 [error] Extension 'tabnine.tabnine-vscode' wants API proposal 'inlineCompletions' but that proposal DOES NOT EXIST. Likely, the proposal has been finalized (check 'vscode.d.ts') or was abandoned.
2022-12-14 17:23:04.160 [warning] [ms-vscode.js-debug-nightly]: Cannot register 'debug.javascript.codelens.npmScripts'. This property is already registered.
2022-12-14 17:23:04.160 [warning] [ms-vscode.js-debug-nightly]: Cannot register 'debug.javascript.terminalOptions'. This property is already registered.
2022-12-14 17:23:04.160 [warning] [ms-vscode.js-debug-nightly]: Cannot register 'debug.javascript.automaticallyTunnelRemoteServer'. This property is already registered.
2022-12-14 17:23:04.161 [warning] [ms-vscode.js-debug-nightly]: Cannot register 'debug.javascript.debugByLinkOptions'. This property is already registered.
2022-12-14 17:23:04.161 [warning] [ms-vscode.js-debug-nightly]: Cannot register 'debug.javascript.pickAndAttachOptions'. This property is already registered.
2022-12-14 17:23:04.162 [warning] [ms-vscode.js-debug-nightly]: Cannot register 'debug.javascript.autoAttachFilter'. This property is already registered.
2022-12-14 17:23:04.162 [warning] [ms-vscode.js-debug-nightly]: Cannot register 'debug.javascript.autoAttachSmartPattern'. This property is already registered.
2022-12-14 17:23:04.162 [warning] [ms-vscode.js-debug-nightly]: Cannot register 'debug.javascript.breakOnConditionalError'. This property is already registered.
2022-12-14 17:23:04.163 [warning] [ms-vscode.js-debug-nightly]: Cannot register 'debug.javascript.unmapMissingSources'. This property is already registered.
2022-12-14 17:23:04.163 [warning] [ms-vscode.js-debug-nightly]: Cannot register 'debug.javascript.defaultRuntimeExecutable'. This property is already registered.
2022-12-14 17:23:04.163 [warning] [ms-vscode.js-debug-nightly]: Cannot register 'debug.javascript.resourceRequestOptions'. This property is already registered.
2022-12-14 17:23:04.163 [warning] [twxs.cmake]: Cannot register 'cmake.cmakePath'. This property is already registered.
2022-12-14 17:23:04.244 [info] [ms-vscode.js-debug-nightly]: Command `extension.js-debug.prettyPrint` appears multiple times in the `commands` section.
2022-12-14 17:23:04.244 [info] [ms-vscode.js-debug-nightly]: Command `extension.js-debug.toggleSkippingFile` appears multiple times in the `commands` section.
2022-12-14 17:23:04.244 [info] [ms-vscode.js-debug-nightly]: Command `extension.js-debug.addCustomBreakpoints` appears multiple times in the `commands` section.
2022-12-14 17:23:04.245 [info] [ms-vscode.js-debug-nightly]: Command `extension.js-debug.removeCustomBreakpoint` appears multiple times in the `commands` section.
2022-12-14 17:23:04.245 [info] [ms-vscode.js-debug-nightly]: Command `extension.js-debug.removeAllCustomBreakpoints` appears multiple times in the `commands` section.
2022-12-14 17:23:04.245 [info] [ms-vscode.js-debug-nightly]: Command `extension.pwa-node-debug.attachNodeProcess` appears multiple times in the `commands` section.
2022-12-14 17:23:04.245 [info] [ms-vscode.js-debug-nightly]: Command `extension.js-debug.npmScript` appears multiple times in the `commands` section.
2022-12-14 17:23:04.246 [info] [ms-vscode.js-debug-nightly]: Command `extension.js-debug.createDebuggerTerminal` appears multiple times in the `commands` section.
2022-12-14 17:23:04.246 [info] [ms-vscode.js-debug-nightly]: Command `extension.js-debug.startProfile` appears multiple times in the `commands` section.
2022-12-14 17:23:04.246 [info] [ms-vscode.js-debug-nightly]: Command `extension.js-debug.stopProfile` appears multiple times in the `commands` section.
2022-12-14 17:23:04.246 [info] [ms-vscode.js-debug-nightly]: Command `extension.js-debug.revealPage` appears multiple times in the `commands` section.
2022-12-14 17:23:04.247 [info] [ms-vscode.js-debug-nightly]: Command `extension.js-debug.debugLink` appears multiple times in the `commands` section.
2022-12-14 17:23:04.247 [info] [ms-vscode.js-debug-nightly]: Command `extension.js-debug.createDiagnostics` appears multiple times in the `commands` section.
2022-12-14 17:23:04.247 [info] [ms-vscode.js-debug-nightly]: Command `extension.js-debug.getDiagnosticLogs` appears multiple times in the `commands` section.
2022-12-14 17:23:04.247 [info] [ms-vscode.js-debug-nightly]: Command `extension.node-debug.startWithStopOnEntry` appears multiple times in the `commands` section.
2022-12-14 17:23:04.248 [info] [ms-vscode.js-debug-nightly]: Command `extension.js-debug.openEdgeDevTools` appears multiple times in the `commands` section.
2022-12-14 17:23:04.248 [info] [ms-vscode.js-debug-nightly]: Command `extension.js-debug.callers.add` appears multiple times in the `commands` section.
2022-12-14 17:23:04.248 [info] [ms-vscode.js-debug-nightly]: Command `extension.js-debug.callers.remove` appears multiple times in the `commands` section.
2022-12-14 17:23:04.248 [info] [ms-vscode.js-debug-nightly]: Command `extension.js-debug.callers.removeAll` appears multiple times in the `commands` section.
2022-12-14 17:23:04.249 [info] [ms-vscode.js-debug-nightly]: Command `extension.js-debug.callers.goToCaller` appears multiple times in the `commands` section.
2022-12-14 17:23:04.249 [info] [ms-vscode.js-debug-nightly]: Command `extension.js-debug.callers.gotToTarget` appears multiple times in the `commands` section.
2022-12-14 17:23:04.249 [info] [ms-vscode.js-debug-nightly]: Command `extension.js-debug.enableSourceMapStepping` appears multiple times in the `commands` section.
2022-12-14 17:23:04.249 [info] [ms-vscode.js-debug-nightly]: Command `extension.js-debug.disableSourceMapStepping` appears multiple times in the `commands` section.
2022-12-14 17:23:04.328 [error] [ms-vscode.js-debug-nightly]: Cannot register multiple views with same id `jsBrowserBreakpoints`
2022-12-14 17:23:04.328 [error] [ms-vscode.js-debug-nightly]: Cannot register multiple views with same id `jsExcludedCallers`
2022-12-14 17:23:05.056 [error] [Extension Host] /bin/sh: line 1: hostname: command not found
2022-12-14 17:23:06.155 [error] [Extension Host] (node:26793) [DEP0005] DeprecationWarning: Buffer() is deprecated due to security and usability issues. Please use the Buffer.alloc(), Buffer.allocUnsafe(), or Buffer.from() methods instead.
(Use `code --trace-deprecation ...` to show where the warning was created)
2022-12-14 17:23:06.592 [info] [perf] Render performance baseline is 34ms
2022-12-14 17:23:07.190 [error] [Extension Host] validating /home/xd/.config/Code/User/globalStorage/tabnine.tabnine-vscode/binaries/4.4.200/x86_64-unknown-linux-musl/TabNine timeout
