00:00:00.289335 VirtualBox GUI VM Selector Window 7.0.4 r154605 linux.amd64 (Nov 18 2022 12:54:46) release log
00:00:00.289337 Log opened 2022-12-15T04:49:24.935254000Z
00:00:00.289339 Build Type: release
00:00:00.289341 OS Product: Linux
00:00:00.289342 OS Release: 6.0.11-arch1-1
00:00:00.289344 OS Version: #1 SMP PREEMPT_DYNAMIC Fri, 02 Dec 2022 17:25:31 +0000
00:00:00.289375 DMI Product Name: B450M DS3H
00:00:00.289388 DMI Product Version: Default string
00:00:00.289395 Firmware type: UEFI
00:00:00.289543 Secure Boot: Disabled
00:00:00.289599 Host RAM: 15914MB (15.5GB) total, 13742MB (13.4GB) available
00:00:00.289603 Executable: /usr/lib/virtualbox/VirtualBox
00:00:00.289604 Process ID: 10586
00:00:00.289604 Package type: LINUX_64BITS_GENERIC (OSE)
00:00:00.289638 Qt version: 5.15.7
00:00:00.290535 GUI: UIMediumEnumerator: Initial medium-enumeration finished!
00:00:00.295905 GUI: UIMediumEnumerator: Medium-enumeration started...
00:00:00.295923 GUI: UIMediumEnumerator: Medium-enumeration finished!
00:00:00.773119 GUI: UIDesktopWidgetWatchdog::sltHandleHostScreenAvailableGeometryCalculated: Screen 0 work area is actually resized to: 964x519 x 943x493
00:00:13.170674 GUI: UICommon: Handling aboutToQuit request..
00:00:14.249932 GUI: UICommon: aboutToQuit request handled!
