00:00:00.000212 main     VirtualBox XPCOM Server 7.0.4 r154605 linux.amd64 (Nov 18 2022 12:54:46) release log
00:00:00.000215 main     Log opened 2022-12-15T04:49:24.788056000Z
00:00:00.000216 main     Build Type: release
00:00:00.000223 main     OS Product: Linux
00:00:00.000225 main     OS Release: 6.0.11-arch1-1
00:00:00.000226 main     OS Version: #1 SMP PREEMPT_DYNAMIC Fri, 02 Dec 2022 17:25:31 +0000
00:00:00.000254 main     DMI Product Name: B450M DS3H
00:00:00.000268 main     DMI Product Version: Default string
00:00:00.000274 main     Firmware type: UEFI
00:00:00.000389 main     Secure Boot: Disabled
00:00:00.000435 main     Host RAM: 15914MB (15.5GB) total, 13748MB (13.4GB) available
00:00:00.000439 main     Executable: /usr/lib/virtualbox/VBoxSVC
00:00:00.000440 main     Process ID: 10611
00:00:00.000441 main     Package type: LINUX_64BITS_GENERIC (OSE)
00:00:00.002767 main     IPC socket path: /tmp/.vbox-xd-ipc/ipcd
00:00:00.106863 nspr-2   VirtualBox: object creation starts
00:00:00.107001 nspr-2   Home directory: '/home/xd/.config/VirtualBox'
00:00:00.108312 nspr-2   HostDnsMonitor: initializing
00:00:00.108557 nspr-2   NAT: resolv.conf: nameserver 127.0.0.53
00:00:00.108577 nspr-2   NAT: resolv.conf: ignoring "options edns0 trust-ad"
00:00:00.108590 nspr-2   HostDnsMonitor: updating information
00:00:00.108618 nspr-2   HostDnsMonitor: old information
00:00:00.108623 nspr-2     no server entries
00:00:00.108627 nspr-2     no domain set
00:00:00.108631 nspr-2     no search string entries
00:00:00.108636 nspr-2   HostDnsMonitor: new information
00:00:00.108640 nspr-2     server 1: 127.0.0.53
00:00:00.108645 nspr-2     domain: .
00:00:00.108649 nspr-2     search string 1: .
00:00:00.111313 nspr-2   Failed to open "/dev/vboxdrvu", errno=2, rc=VERR_VM_DRIVER_NOT_INSTALLED
00:00:00.111492 nspr-2   VD: VDInit finished with VINF_SUCCESS
00:00:00.112475 nspr-2   VirtualBox: object created
00:00:00.575093 nspr-4   Saving settings file "/home/xd/.config/VirtualBox/VirtualBox.xml" with version "1.12-linux"
00:00:00.576852 nspr-4   Finished saving settings file "/home/xd/.config/VirtualBox/VirtualBox.xml"
00:00:00.616252 nspr-2   Saving settings file "/home/xd/.config/VirtualBox/VirtualBox.xml" with version "1.12-linux"
00:00:00.617651 nspr-2   Finished saving settings file "/home/xd/.config/VirtualBox/VirtualBox.xml"
00:00:00.642283 nspr-4   WARNING [COM]: aRC=NS_ERROR_FAILURE (0x80004005) aIID={e54f6256-97a7-4947-8a78-10c013ddf4b8} aComponent={HostWrap} aText={Could not load the Host USB Proxy service: VERR_NOT_FOUND}, preserve=false aResultDetail=0
00:00:01.058231 nspr-3   Saving settings file "/home/xd/.config/VirtualBox/VirtualBox.xml" with version "1.12-linux"
00:00:01.061246 nspr-3   Finished saving settings file "/home/xd/.config/VirtualBox/VirtualBox.xml"
00:00:19.089157 main     VirtualBox: object deletion starts
00:00:19.089715 main     HostDnsMonitor: shutting down ...
00:00:19.094971 main     HostDnsMonitor: shut down
00:00:19.105448 Watcher  ERROR [COM]: aRC=E_ACCESSDENIED (0x80070005) aIID={7682d5eb-f00e-44f1-8ca2-99d08b1cd607} aComponent={VirtualBoxWrap} aText={The object is not ready}, preserve=false aResultDetail=0
00:00:19.105556 main     VirtualBox: object deleted
