2022-12-14 17:20:04.026 [info] Starting worker process with pid 24769 (type: fileWatcher, window: 1).
2022-12-14 17:21:16.313 [info] Getting Manifest... dzhavat.git-cheatsheet
2022-12-14 17:21:16.323 [info] Getting Manifest... bierner.emojisense
2022-12-14 17:21:16.326 [info] Getting Manifest... davidanson.vscode-markdownlint
2022-12-14 17:21:16.336 [info] Getting Manifest... codezombiech.gitignore
2022-12-14 17:21:16.337 [info] Getting Manifest... golang.go
2022-12-14 17:21:16.344 [info] Getting Manifest... mutantdino.resourcemonitor
2022-12-14 17:21:16.603 [info] Getting Manifest... dbaeumer.vscode-eslint
2022-12-14 17:21:16.660 [info] Installing extension: golang.go
2022-12-14 17:21:16.660 [info] Installing the extension without checking dependencies and pack golang.go
2022-12-14 17:21:16.837 [info] Getting Manifest... esbenp.prettier-vscode
2022-12-14 17:21:16.856 [info] Getting Manifest... ms-python.python
2022-12-14 17:21:17.012 [info] Getting Manifest... github.github-vscode-theme
2022-12-14 17:21:17.032 [info] Getting Manifest... tabnine.tabnine-vscode
2022-12-14 17:21:17.104 [info] Getting Manifest... msjsdiag.vscode-react-native
2022-12-14 17:21:17.168 [info] Getting Manifest... ecmel.vscode-html-css
2022-12-14 17:21:17.173 [info] Getting Manifest... ms-vscode.cpptools-extension-pack
2022-12-14 17:21:17.173 [info] Getting Manifest... xabikos.javascriptsnippets
2022-12-14 17:21:17.173 [info] Getting Manifest... christian-kohler.path-intellisense
2022-12-14 17:21:17.173 [info] Getting Manifest... ms-azuretools.vscode-docker
2022-12-14 17:21:17.175 [info] Getting Manifest... jdinhlife.gruvbox
2022-12-14 17:21:17.177 [info] Getting Manifest... bradlc.vscode-tailwindcss
2022-12-14 17:21:17.179 [info] Getting Manifest... xdebug.php-debug
2022-12-14 17:21:17.184 [info] Getting Manifest... zobo.php-intellisense
2022-12-14 17:21:17.186 [info] Getting Manifest... mgmcdermott.vscode-language-babel
2022-12-14 17:21:17.186 [info] Getting Manifest... dsznajder.es7-react-js-snippets
2022-12-14 17:21:17.187 [info] Getting Manifest... brapifra.phpserver
2022-12-14 17:21:17.187 [info] Getting Manifest... mohd-akram.vscode-html-format
2022-12-14 17:21:17.190 [info] Getting Manifest... phiter.phpstorm-snippets
2022-12-14 17:21:17.191 [info] Getting Manifest... hakcorp.php-awesome-snippets
2022-12-14 17:21:17.191 [info] Getting Manifest... pawelborkar.jellyfish
2022-12-14 17:21:17.191 [info] Getting Manifest... ms-vscode.makefile-tools
2022-12-14 17:21:17.195 [info] Getting Manifest... enkia.tokyo-night
2022-12-14 17:21:17.196 [info] Getting Manifest... akamud.vscode-javascript-snippet-pack
2022-12-14 17:21:17.196 [info] Getting Manifest... formulahendry.code-runner
2022-12-14 17:21:17.196 [info] Getting Manifest... ms-vscode.cpptools-themes
2022-12-14 17:21:17.200 [info] Getting Manifest... ms-vscode.vscode-typescript-next
2022-12-14 17:21:17.201 [info] Getting Manifest... burkeholland.simple-react-snippets
2022-12-14 17:21:17.201 [info] Getting Manifest... ritwickdey.liveserver
2022-12-14 17:21:17.205 [info] Getting Manifest... adpyke.codesnap
2022-12-14 17:21:17.206 [info] Getting Manifest... cardinal90.multi-cursor-case-preserve
2022-12-14 17:21:17.206 [info] Getting Manifest... yzhang.markdown-all-in-one
2022-12-14 17:21:17.206 [info] Getting Manifest... ms-vscode.js-debug-nightly
2022-12-14 17:21:17.207 [info] Getting Manifest... zhuangtongfa.material-theme
2022-12-14 17:21:17.210 [info] Getting Manifest... jackpaget.gruvbox-glass
2022-12-14 17:21:17.210 [info] Getting Manifest... xdebug.php-pack
2022-12-14 17:21:17.210 [info] Getting Manifest... fallenmax.mithril-emmet
2022-12-14 17:21:17.211 [info] Getting Manifest... helgardrichard.helium-icon-theme
2022-12-14 17:21:17.211 [info] Getting Manifest... twxs.cmake
2022-12-14 17:21:17.213 [info] Getting Manifest... ms-vscode.cpptools
2022-12-14 17:21:17.213 [info] Installing extension: ms-python.python
2022-12-14 17:21:17.213 [info] Installing the extension without checking dependencies and pack ms-python.python
2022-12-14 17:21:17.366 [info] Installing extension: dzhavat.git-cheatsheet
2022-12-14 17:21:17.367 [info] Installing the extension without checking dependencies and pack dzhavat.git-cheatsheet
2022-12-14 17:21:17.388 [info] Installing extension: mutantdino.resourcemonitor
2022-12-14 17:21:17.388 [info] Installing the extension without checking dependencies and pack mutantdino.resourcemonitor
2022-12-14 17:21:17.411 [info] Installing extension: bierner.emojisense
2022-12-14 17:21:17.412 [info] Installing the extension without checking dependencies and pack bierner.emojisense
2022-12-14 17:21:17.429 [info] Installing extension: codezombiech.gitignore
2022-12-14 17:21:17.430 [info] Installing the extension without checking dependencies and pack codezombiech.gitignore
2022-12-14 17:21:17.431 [info] Installing extension: davidanson.vscode-markdownlint
2022-12-14 17:21:17.432 [info] Installing the extension without checking dependencies and pack davidanson.vscode-markdownlint
2022-12-14 17:21:17.483 [info] Getting Manifest... redhat.vscode-yaml
2022-12-14 17:21:17.488 [info] Getting Manifest... ms-python.isort
2022-12-14 17:21:17.548 [info] Installing extension: ms-azuretools.vscode-docker
2022-12-14 17:21:17.548 [info] Installing the extension without checking dependencies and pack ms-azuretools.vscode-docker
2022-12-14 17:21:17.549 [info] Installing extension: ms-vscode.vscode-typescript-next
2022-12-14 17:21:17.549 [info] Installing the extension without checking dependencies and pack ms-vscode.vscode-typescript-next
2022-12-14 17:21:17.646 [info] Installing extension: dbaeumer.vscode-eslint
2022-12-14 17:21:17.647 [info] Installing the extension without checking dependencies and pack dbaeumer.vscode-eslint
2022-12-14 17:21:17.742 [info] Getting Manifest... ms-vscode.cmake-tools
2022-12-14 17:21:17.766 [info] Getting Manifest... eamodio.gitlens
2022-12-14 17:21:17.876 [info] Installing extension: esbenp.prettier-vscode
2022-12-14 17:21:17.876 [info] Installing the extension without checking dependencies and pack esbenp.prettier-vscode
2022-12-14 17:21:17.996 [info] Getting Manifest... github.vscode-pull-request-github
2022-12-14 17:21:18.051 [info] Installing extension: github.github-vscode-theme
2022-12-14 17:21:18.051 [info] Installing the extension without checking dependencies and pack github.github-vscode-theme
2022-12-14 17:21:18.090 [info] Installing extension: tabnine.tabnine-vscode
2022-12-14 17:21:18.091 [info] Installing the extension without checking dependencies and pack tabnine.tabnine-vscode
2022-12-14 17:21:19.292 [info] Installing extension: msjsdiag.vscode-react-native
2022-12-14 17:21:19.293 [info] Installing the extension without checking dependencies and pack msjsdiag.vscode-react-native
2022-12-14 17:21:19.390 [info] Extracted extension to /home/xd/.vscode/extensions/.e3e71404-b2a9-4c8b-9ac7-2ba068a35eee: codezombiech.gitignore
2022-12-14 17:21:19.398 [info] Renamed to /home/xd/.vscode/extensions/codezombiech.gitignore-0.9.0
2022-12-14 17:21:19.401 [info] Extracting completed. codezombiech.gitignore
2022-12-14 17:21:19.406 [info] Extension installed successfully: codezombiech.gitignore
2022-12-14 17:21:19.409 [info] Extracted extension to /home/xd/.vscode/extensions/.a23910a0-4981-4cd7-a872-ab4bfd510d24: bierner.emojisense
2022-12-14 17:21:19.411 [info] Renamed to /home/xd/.vscode/extensions/bierner.emojisense-0.9.1
2022-12-14 17:21:19.412 [info] Extracting completed. bierner.emojisense
2022-12-14 17:21:19.417 [info] Extension installed successfully: bierner.emojisense
2022-12-14 17:21:19.459 [info] Extracted extension to /home/xd/.vscode/extensions/.b0ca3339-3002-4271-a68f-c5ce90e70d6f: davidanson.vscode-markdownlint
2022-12-14 17:21:19.464 [info] Renamed to /home/xd/.vscode/extensions/davidanson.vscode-markdownlint-0.48.1
2022-12-14 17:21:19.465 [info] Extracting completed. davidanson.vscode-markdownlint
2022-12-14 17:21:19.473 [info] Extension installed successfully: davidanson.vscode-markdownlint
2022-12-14 17:21:20.185 [info] Installing extension: ms-vscode.cpptools-themes
2022-12-14 17:21:20.186 [info] Installing the extension without checking dependencies and pack ms-vscode.cpptools-themes
2022-12-14 17:21:20.421 [info] Installing extension: ecmel.vscode-html-css
2022-12-14 17:21:20.422 [info] Installing the extension without checking dependencies and pack ecmel.vscode-html-css
2022-12-14 17:21:20.423 [info] Installing extension: christian-kohler.path-intellisense
2022-12-14 17:21:20.423 [info] Installing the extension without checking dependencies and pack christian-kohler.path-intellisense
2022-12-14 17:21:20.424 [info] Installing extension: xabikos.javascriptsnippets
2022-12-14 17:21:20.424 [info] Installing the extension without checking dependencies and pack xabikos.javascriptsnippets
2022-12-14 17:21:20.450 [info] Installing extension: mgmcdermott.vscode-language-babel
2022-12-14 17:21:20.451 [info] Installing the extension without checking dependencies and pack mgmcdermott.vscode-language-babel
2022-12-14 17:21:20.456 [info] Installing extension: ms-vscode.cpptools
2022-12-14 17:21:20.457 [info] Installing the extension without checking dependencies and pack ms-vscode.cpptools
2022-12-14 17:21:20.464 [info] Installing extension: ms-vscode.js-debug-nightly
2022-12-14 17:21:20.464 [info] Installing the extension without checking dependencies and pack ms-vscode.js-debug-nightly
2022-12-14 17:21:20.466 [info] Installing extension: bradlc.vscode-tailwindcss
2022-12-14 17:21:20.466 [info] Installing the extension without checking dependencies and pack bradlc.vscode-tailwindcss
2022-12-14 17:21:20.467 [info] Installing extension: ms-vscode.cpptools-extension-pack
2022-12-14 17:21:20.468 [info] Installing the extension without checking dependencies and pack ms-vscode.cpptools-extension-pack
2022-12-14 17:21:20.469 [info] Installing extension: zobo.php-intellisense
2022-12-14 17:21:20.470 [info] Installing the extension without checking dependencies and pack zobo.php-intellisense
2022-12-14 17:21:20.471 [info] Installing extension: xdebug.php-debug
2022-12-14 17:21:20.472 [info] Installing the extension without checking dependencies and pack xdebug.php-debug
2022-12-14 17:21:20.473 [info] Installing extension: jdinhlife.gruvbox
2022-12-14 17:21:20.473 [info] Installing the extension without checking dependencies and pack jdinhlife.gruvbox
2022-12-14 17:21:20.475 [info] Installing extension: brapifra.phpserver
2022-12-14 17:21:20.475 [info] Installing the extension without checking dependencies and pack brapifra.phpserver
2022-12-14 17:21:20.477 [info] Installing extension: dsznajder.es7-react-js-snippets
2022-12-14 17:21:20.477 [info] Installing the extension without checking dependencies and pack dsznajder.es7-react-js-snippets
2022-12-14 17:21:20.479 [info] Installing extension: xdebug.php-pack
2022-12-14 17:21:20.479 [info] Installing the extension without checking dependencies and pack xdebug.php-pack
2022-12-14 17:21:20.481 [info] Installing extension: pawelborkar.jellyfish
2022-12-14 17:21:20.481 [info] Installing the extension without checking dependencies and pack pawelborkar.jellyfish
2022-12-14 17:21:20.483 [info] Installing extension: mohd-akram.vscode-html-format
2022-12-14 17:21:20.484 [info] Installing the extension without checking dependencies and pack mohd-akram.vscode-html-format
2022-12-14 17:21:20.485 [info] Installing extension: enkia.tokyo-night
2022-12-14 17:21:20.486 [info] Installing the extension without checking dependencies and pack enkia.tokyo-night
2022-12-14 17:21:20.488 [info] Installing extension: burkeholland.simple-react-snippets
2022-12-14 17:21:20.488 [info] Installing the extension without checking dependencies and pack burkeholland.simple-react-snippets
2022-12-14 17:21:20.491 [info] Installing extension: ms-vscode.makefile-tools
2022-12-14 17:21:20.491 [info] Installing the extension without checking dependencies and pack ms-vscode.makefile-tools
2022-12-14 17:21:20.493 [info] Installing extension: ritwickdey.liveserver
2022-12-14 17:21:20.494 [info] Installing the extension without checking dependencies and pack ritwickdey.liveserver
2022-12-14 17:21:20.495 [info] Installing extension: formulahendry.code-runner
2022-12-14 17:21:20.496 [info] Installing the extension without checking dependencies and pack formulahendry.code-runner
2022-12-14 17:21:20.496 [info] Installing extension: fallenmax.mithril-emmet
2022-12-14 17:21:20.497 [info] Installing the extension without checking dependencies and pack fallenmax.mithril-emmet
2022-12-14 17:21:20.497 [info] Installing extension: adpyke.codesnap
2022-12-14 17:21:20.497 [info] Installing the extension without checking dependencies and pack adpyke.codesnap
2022-12-14 17:21:20.498 [info] Installing extension: cardinal90.multi-cursor-case-preserve
2022-12-14 17:21:20.498 [info] Installing the extension without checking dependencies and pack cardinal90.multi-cursor-case-preserve
2022-12-14 17:21:20.499 [info] Installing extension: yzhang.markdown-all-in-one
2022-12-14 17:21:20.500 [info] Installing the extension without checking dependencies and pack yzhang.markdown-all-in-one
2022-12-14 17:21:20.500 [info] Installing extension: helgardrichard.helium-icon-theme
2022-12-14 17:21:20.501 [info] Installing the extension without checking dependencies and pack helgardrichard.helium-icon-theme
2022-12-14 17:21:20.501 [info] Installing extension: akamud.vscode-javascript-snippet-pack
2022-12-14 17:21:20.502 [info] Installing the extension without checking dependencies and pack akamud.vscode-javascript-snippet-pack
2022-12-14 17:21:20.502 [info] Installing extension: zhuangtongfa.material-theme
2022-12-14 17:21:20.503 [info] Installing the extension without checking dependencies and pack zhuangtongfa.material-theme
2022-12-14 17:21:20.504 [info] Installing extension: hakcorp.php-awesome-snippets
2022-12-14 17:21:20.505 [info] Installing the extension without checking dependencies and pack hakcorp.php-awesome-snippets
2022-12-14 17:21:20.505 [info] Installing extension: jackpaget.gruvbox-glass
2022-12-14 17:21:20.506 [info] Installing the extension without checking dependencies and pack jackpaget.gruvbox-glass
2022-12-14 17:21:20.518 [info] Installing extension: ms-python.isort
2022-12-14 17:21:20.518 [info] Installing the extension without checking dependencies and pack ms-python.isort
2022-12-14 17:21:20.519 [info] Installing extension: redhat.vscode-yaml
2022-12-14 17:21:20.520 [info] Installing the extension without checking dependencies and pack redhat.vscode-yaml
2022-12-14 17:21:21.691 [info] Installing extension: ms-vscode.cmake-tools
2022-12-14 17:21:21.692 [info] Installing the extension without checking dependencies and pack ms-vscode.cmake-tools
2022-12-14 17:21:21.696 [info] Installing extension: eamodio.gitlens
2022-12-14 17:21:21.696 [info] Installing the extension without checking dependencies and pack eamodio.gitlens
2022-12-14 17:21:21.697 [info] Installing extension: github.vscode-pull-request-github
2022-12-14 17:21:21.697 [info] Installing the extension without checking dependencies and pack github.vscode-pull-request-github
2022-12-14 17:21:22.132 [info] Extracted extension to /home/xd/.vscode/extensions/.1405418d-f727-4b1e-8e49-beef5d4cae45: dzhavat.git-cheatsheet
2022-12-14 17:21:22.138 [info] Renamed to /home/xd/.vscode/extensions/dzhavat.git-cheatsheet-1.4.4
2022-12-14 17:21:22.140 [info] Extracting completed. dzhavat.git-cheatsheet
2022-12-14 17:21:22.146 [info] Extension installed successfully: dzhavat.git-cheatsheet
2022-12-14 17:21:22.188 [info] Extracted extension to /home/xd/.vscode/extensions/.27e92c26-b9e2-45ef-be09-14acd2964308: golang.go
2022-12-14 17:21:22.201 [info] Renamed to /home/xd/.vscode/extensions/golang.go-0.36.0
2022-12-14 17:21:22.203 [info] Extracting completed. golang.go
2022-12-14 17:21:22.209 [info] Extension installed successfully: golang.go
2022-12-14 17:21:22.519 [info] Extracted extension to /home/xd/.vscode/extensions/.e625c705-4746-4222-b0e9-70282a372360: mutantdino.resourcemonitor
2022-12-14 17:21:22.522 [info] Renamed to /home/xd/.vscode/extensions/mutantdino.resourcemonitor-1.0.7
2022-12-14 17:21:22.523 [info] Extracting completed. mutantdino.resourcemonitor
2022-12-14 17:21:22.527 [info] Extension installed successfully: mutantdino.resourcemonitor
2022-12-14 17:21:22.804 [info] Extracted extension to /home/xd/.vscode/extensions/.ead5a2d3-68a7-4b3b-999e-43c23abc509a: tabnine.tabnine-vscode
2022-12-14 17:21:22.808 [info] Renamed to /home/xd/.vscode/extensions/tabnine.tabnine-vscode-3.6.31
2022-12-14 17:21:22.809 [info] Extracting completed. tabnine.tabnine-vscode
2022-12-14 17:21:22.816 [info] Extension installed successfully: tabnine.tabnine-vscode
2022-12-14 17:21:23.263 [info] Extracted extension to /home/xd/.vscode/extensions/.776b8cec-419d-4b49-b469-09de4833b3e9: dbaeumer.vscode-eslint
2022-12-14 17:21:23.266 [info] Renamed to /home/xd/.vscode/extensions/dbaeumer.vscode-eslint-2.2.6
2022-12-14 17:21:23.267 [info] Extracting completed. dbaeumer.vscode-eslint
2022-12-14 17:21:23.271 [info] Extension installed successfully: dbaeumer.vscode-eslint
2022-12-14 17:21:23.593 [info] Extracted extension to /home/xd/.vscode/extensions/.b8b024fe-74b3-44bc-ac60-f1f6b8a05e4f: ms-azuretools.vscode-docker
2022-12-14 17:21:23.603 [info] Renamed to /home/xd/.vscode/extensions/ms-azuretools.vscode-docker-1.23.2
2022-12-14 17:21:23.606 [info] Extracting completed. ms-azuretools.vscode-docker
2022-12-14 17:21:23.610 [info] Extension installed successfully: ms-azuretools.vscode-docker
2022-12-14 17:21:23.826 [info] Extracted extension to /home/xd/.vscode/extensions/.a0965775-dc47-4fb4-9dc3-9fe1310b1941: github.github-vscode-theme
2022-12-14 17:21:23.828 [info] Renamed to /home/xd/.vscode/extensions/github.github-vscode-theme-6.3.2
2022-12-14 17:21:23.829 [info] Extracting completed. github.github-vscode-theme
2022-12-14 17:21:23.833 [info] Extension installed successfully: github.github-vscode-theme
2022-12-14 17:21:26.646 [info] Extracted extension to /home/xd/.vscode/extensions/.42615763-b7ba-407c-b666-50167c85343b: ms-vscode.cpptools-themes
2022-12-14 17:21:26.649 [info] Renamed to /home/xd/.vscode/extensions/ms-vscode.cpptools-themes-2.0.0
2022-12-14 17:21:26.651 [info] Extracting completed. ms-vscode.cpptools-themes
2022-12-14 17:21:26.657 [info] Extension installed successfully: ms-vscode.cpptools-themes
2022-12-14 17:21:30.839 [info] Extracted extension to /home/xd/.vscode/extensions/.b04a93af-77a4-44d4-8b95-b4143a76875c: esbenp.prettier-vscode
2022-12-14 17:21:30.845 [info] Renamed to /home/xd/.vscode/extensions/esbenp.prettier-vscode-9.10.3
2022-12-14 17:21:30.847 [info] Extracting completed. esbenp.prettier-vscode
2022-12-14 17:21:30.851 [info] Extension installed successfully: esbenp.prettier-vscode
2022-12-14 17:21:32.774 [info] Extracted extension to /home/xd/.vscode/extensions/.336f10d0-2499-4bcf-8ade-a23c57d49798: ms-python.python
2022-12-14 17:21:32.783 [info] Renamed to /home/xd/.vscode/extensions/ms-python.python-2022.20.1
2022-12-14 17:21:32.787 [info] Extracting completed. ms-python.python
2022-12-14 17:21:32.792 [info] Extension installed successfully: ms-python.python
2022-12-14 17:21:32.809 [info] Extracted extension to /home/xd/.vscode/extensions/.35ddd516-f6e7-489a-b841-931fe7950c36: ms-vscode.vscode-typescript-next
2022-12-14 17:21:32.812 [info] Renamed to /home/xd/.vscode/extensions/ms-vscode.vscode-typescript-next-5.0.202212130
2022-12-14 17:21:32.813 [info] Extracting completed. ms-vscode.vscode-typescript-next
2022-12-14 17:21:32.818 [info] Extension installed successfully: ms-vscode.vscode-typescript-next
2022-12-14 17:21:34.226 [info] Installing extension: twxs.cmake
2022-12-14 17:21:34.226 [info] Installing the extension without checking dependencies and pack twxs.cmake
2022-12-14 17:21:34.227 [info] Installing extension: phiter.phpstorm-snippets
2022-12-14 17:21:34.227 [info] Installing the extension without checking dependencies and pack phiter.phpstorm-snippets
2022-12-14 17:21:34.375 [info] Extracted extension to /home/xd/.vscode/extensions/.64b96d24-666e-468b-9872-5fbbdcaff91b: akamud.vscode-javascript-snippet-pack
2022-12-14 17:21:34.380 [info] Renamed to /home/xd/.vscode/extensions/akamud.vscode-javascript-snippet-pack-0.1.6
2022-12-14 17:21:34.381 [info] Extracting completed. akamud.vscode-javascript-snippet-pack
2022-12-14 17:21:34.387 [info] Extension installed successfully: akamud.vscode-javascript-snippet-pack
2022-12-14 17:21:34.626 [info] Extracted extension to /home/xd/.vscode/extensions/.fae4493a-6a89-4083-b00e-4fe51389656a: xdebug.php-debug
2022-12-14 17:21:34.632 [info] Renamed to /home/xd/.vscode/extensions/xdebug.php-debug-1.29.1
2022-12-14 17:21:34.633 [info] Extracting completed. xdebug.php-debug
2022-12-14 17:21:34.637 [info] Extension installed successfully: xdebug.php-debug
2022-12-14 17:21:37.079 [info] Extracted extension to /home/xd/.vscode/extensions/.ca5eaa4b-2e2e-49bf-b670-791288dc7219: msjsdiag.vscode-react-native
2022-12-14 17:21:37.086 [info] Renamed to /home/xd/.vscode/extensions/msjsdiag.vscode-react-native-1.10.0
2022-12-14 17:21:37.090 [info] Extracting completed. msjsdiag.vscode-react-native
2022-12-14 17:21:37.096 [info] Extension installed successfully: msjsdiag.vscode-react-native
2022-12-14 17:21:37.678 [info] Extracted extension to /home/xd/.vscode/extensions/.1a95f56a-8992-4999-aa7d-2192cfa3e26c: ms-vscode.cpptools-extension-pack
2022-12-14 17:21:37.682 [info] Renamed to /home/xd/.vscode/extensions/ms-vscode.cpptools-extension-pack-1.3.0
2022-12-14 17:21:37.684 [info] Extracting completed. ms-vscode.cpptools-extension-pack
2022-12-14 17:21:37.690 [info] Extension installed successfully: ms-vscode.cpptools-extension-pack
2022-12-14 17:21:39.009 [info] Extracted extension to /home/xd/.vscode/extensions/.bd2f3556-a176-4118-b0b9-7ead0023f361: ms-vscode.cmake-tools
2022-12-14 17:21:39.018 [info] Renamed to /home/xd/.vscode/extensions/ms-vscode.cmake-tools-1.12.27
2022-12-14 17:21:39.022 [info] Extracting completed. ms-vscode.cmake-tools
2022-12-14 17:21:39.031 [info] Extension installed successfully: ms-vscode.cmake-tools
2022-12-14 17:21:39.805 [info] Extracted extension to /home/xd/.vscode/extensions/.398b9c20-5cf0-4655-a1c5-e36f99c14ccf: ecmel.vscode-html-css
2022-12-14 17:21:39.809 [info] Renamed to /home/xd/.vscode/extensions/ecmel.vscode-html-css-1.13.1
2022-12-14 17:21:39.812 [info] Extracting completed. ecmel.vscode-html-css
2022-12-14 17:21:39.818 [info] Extension installed successfully: ecmel.vscode-html-css
2022-12-14 17:21:41.531 [info] Extracted extension to /home/xd/.vscode/extensions/.0fe7dfe8-d3e5-4fda-922e-358b456ed711: ms-vscode.js-debug-nightly
2022-12-14 17:21:41.549 [info] Renamed to /home/xd/.vscode/extensions/ms-vscode.js-debug-nightly-2022.12.1317
2022-12-14 17:21:41.560 [info] Extracting completed. ms-vscode.js-debug-nightly
2022-12-14 17:21:41.571 [info] Extension installed successfully: ms-vscode.js-debug-nightly
2022-12-14 17:21:41.850 [info] Extracted extension to /home/xd/.vscode/extensions/.733390d8-7311-4389-a5c6-30d1f14cc0e4: xabikos.javascriptsnippets
2022-12-14 17:21:41.853 [info] Renamed to /home/xd/.vscode/extensions/xabikos.javascriptsnippets-1.8.0
2022-12-14 17:21:41.855 [info] Extracting completed. xabikos.javascriptsnippets
2022-12-14 17:21:41.864 [info] Extension installed successfully: xabikos.javascriptsnippets
2022-12-14 17:21:43.445 [info] Extracted extension to /home/xd/.vscode/extensions/.be75b01d-da41-424f-8b91-47d16eb87f1e: mgmcdermott.vscode-language-babel
2022-12-14 17:21:43.453 [info] Renamed to /home/xd/.vscode/extensions/mgmcdermott.vscode-language-babel-0.0.36
2022-12-14 17:21:43.455 [info] Extracting completed. mgmcdermott.vscode-language-babel
2022-12-14 17:21:43.462 [info] Extension installed successfully: mgmcdermott.vscode-language-babel
2022-12-14 17:21:43.483 [info] Extracted extension to /home/xd/.vscode/extensions/.2a8a4f36-2da7-43a9-b2db-1e10fbc0ecab: xdebug.php-pack
2022-12-14 17:21:43.487 [info] Renamed to /home/xd/.vscode/extensions/xdebug.php-pack-1.0.3
2022-12-14 17:21:43.488 [info] Extracting completed. xdebug.php-pack
2022-12-14 17:21:43.495 [info] Extension installed successfully: xdebug.php-pack
2022-12-14 17:21:43.522 [info] Extracted extension to /home/xd/.vscode/extensions/.3d73b26f-a4cb-4b54-be05-6fcc4603d06e: christian-kohler.path-intellisense
2022-12-14 17:21:43.525 [info] Renamed to /home/xd/.vscode/extensions/christian-kohler.path-intellisense-2.8.3
2022-12-14 17:21:43.527 [info] Extracting completed. christian-kohler.path-intellisense
2022-12-14 17:21:43.535 [info] Extension installed successfully: christian-kohler.path-intellisense
2022-12-14 17:21:43.591 [info] Extracted extension to /home/xd/.vscode/extensions/.2a919c4b-ffb5-4eaf-8ac8-4f39bb9a426f: ms-python.isort
2022-12-14 17:21:43.598 [info] Renamed to /home/xd/.vscode/extensions/ms-python.isort-2022.8.0
2022-12-14 17:21:43.600 [info] Extracting completed. ms-python.isort
2022-12-14 17:21:43.605 [info] Extension installed successfully: ms-python.isort
2022-12-14 17:21:46.710 [info] Extracted extension to /home/xd/.vscode/extensions/.0e802c70-3896-463e-82de-18e842d6f712: jdinhlife.gruvbox
2022-12-14 17:21:46.713 [info] Renamed to /home/xd/.vscode/extensions/jdinhlife.gruvbox-1.8.0
2022-12-14 17:21:46.714 [info] Extracting completed. jdinhlife.gruvbox
2022-12-14 17:21:46.719 [info] Extension installed successfully: jdinhlife.gruvbox
2022-12-14 17:21:47.240 [info] Extracted extension to /home/xd/.vscode/extensions/.36473ee4-7bf8-4c0e-97b0-cd6d930c6303: mohd-akram.vscode-html-format
2022-12-14 17:21:47.243 [info] Renamed to /home/xd/.vscode/extensions/mohd-akram.vscode-html-format-0.0.5
2022-12-14 17:21:47.244 [info] Extracting completed. mohd-akram.vscode-html-format
2022-12-14 17:21:47.250 [info] Extension installed successfully: mohd-akram.vscode-html-format
2022-12-14 17:21:47.293 [info] Extracted extension to /home/xd/.vscode/extensions/.aa09df8e-856a-4220-ae91-6b973f320024: zobo.php-intellisense
2022-12-14 17:21:47.300 [info] Renamed to /home/xd/.vscode/extensions/zobo.php-intellisense-1.0.12
2022-12-14 17:21:47.301 [info] Extracting completed. zobo.php-intellisense
2022-12-14 17:21:47.304 [info] Extension installed successfully: zobo.php-intellisense
2022-12-14 17:21:47.992 [info] Extracted extension to /home/xd/.vscode/extensions/.f2c26279-8bda-4c30-ba49-f77071913d13: formulahendry.code-runner
2022-12-14 17:21:47.999 [info] Renamed to /home/xd/.vscode/extensions/formulahendry.code-runner-0.11.8
2022-12-14 17:21:48.000 [info] Extracting completed. formulahendry.code-runner
2022-12-14 17:21:48.004 [info] Extension installed successfully: formulahendry.code-runner
2022-12-14 17:21:49.281 [info] Extracted extension to /home/xd/.vscode/extensions/.98ae3243-94d4-4728-bcb3-8d2130bc3082: brapifra.phpserver
2022-12-14 17:21:49.288 [info] Renamed to /home/xd/.vscode/extensions/brapifra.phpserver-3.0.2
2022-12-14 17:21:49.290 [info] Extracting completed. brapifra.phpserver
2022-12-14 17:21:49.295 [info] Extension installed successfully: brapifra.phpserver
2022-12-14 17:21:49.470 [info] Extracted extension to /home/xd/.vscode/extensions/.b64fcc22-a483-43dc-8d1d-c5842db625df: ms-vscode.makefile-tools
2022-12-14 17:21:49.479 [info] Renamed to /home/xd/.vscode/extensions/ms-vscode.makefile-tools-0.6.0
2022-12-14 17:21:49.482 [info] Extracting completed. ms-vscode.makefile-tools
2022-12-14 17:21:49.488 [info] Extension installed successfully: ms-vscode.makefile-tools
2022-12-14 17:21:51.945 [info] Extracted extension to /home/xd/.vscode/extensions/.a494cf6c-9d18-4c47-9422-222e236b296d: fallenmax.mithril-emmet
2022-12-14 17:21:51.951 [info] Renamed to /home/xd/.vscode/extensions/fallenmax.mithril-emmet-0.7.7
2022-12-14 17:21:51.953 [info] Extracting completed. fallenmax.mithril-emmet
2022-12-14 17:21:51.957 [info] Extension installed successfully: fallenmax.mithril-emmet
2022-12-14 17:21:52.078 [info] Extracted extension to /home/xd/.vscode/extensions/.5539dfb6-7ac1-4608-8700-4f3fc838af8c: dsznajder.es7-react-js-snippets
2022-12-14 17:21:52.083 [info] Renamed to /home/xd/.vscode/extensions/dsznajder.es7-react-js-snippets-4.4.3
2022-12-14 17:21:52.084 [info] Extracting completed. dsznajder.es7-react-js-snippets
2022-12-14 17:21:52.090 [info] Extension installed successfully: dsznajder.es7-react-js-snippets
2022-12-14 17:21:52.182 [info] Extracted extension to /home/xd/.vscode/extensions/.6c813d47-85e0-4200-8864-e6a5b507af8d: github.vscode-pull-request-github
2022-12-14 17:21:52.190 [info] Renamed to /home/xd/.vscode/extensions/github.vscode-pull-request-github-0.56.0
2022-12-14 17:21:52.193 [info] Extracting completed. github.vscode-pull-request-github
2022-12-14 17:21:52.199 [info] Extension installed successfully: github.vscode-pull-request-github
2022-12-14 17:21:53.016 [info] Extracted extension to /home/xd/.vscode/extensions/.24d5392a-1b20-49d2-9d78-94978bd8bb0d: cardinal90.multi-cursor-case-preserve
2022-12-14 17:21:53.020 [info] Renamed to /home/xd/.vscode/extensions/cardinal90.multi-cursor-case-preserve-1.0.5
2022-12-14 17:21:53.023 [info] Extracting completed. cardinal90.multi-cursor-case-preserve
2022-12-14 17:21:53.032 [info] Extension installed successfully: cardinal90.multi-cursor-case-preserve
2022-12-14 17:21:53.854 [info] Extracted extension to /home/xd/.vscode/extensions/.0b43afb6-d662-4fd3-a5ac-82f13df268e1: pawelborkar.jellyfish
2022-12-14 17:21:53.859 [info] Renamed to /home/xd/.vscode/extensions/pawelborkar.jellyfish-0.0.4
2022-12-14 17:21:53.860 [info] Extracting completed. pawelborkar.jellyfish
2022-12-14 17:21:53.867 [info] Extension installed successfully: pawelborkar.jellyfish
2022-12-14 17:21:53.953 [info] Extracted extension to /home/xd/.vscode/extensions/.e474de84-1daf-419b-ae78-cc3cb7081633: yzhang.markdown-all-in-one
2022-12-14 17:21:53.960 [info] Renamed to /home/xd/.vscode/extensions/yzhang.markdown-all-in-one-3.5.0
2022-12-14 17:21:53.962 [info] Extracting completed. yzhang.markdown-all-in-one
2022-12-14 17:21:53.969 [info] Extension installed successfully: yzhang.markdown-all-in-one
2022-12-14 17:21:54.662 [info] Extracted extension to /home/xd/.vscode/extensions/.ce2bff5b-c6a6-46e2-b4d0-7583d6ebe367: enkia.tokyo-night
2022-12-14 17:21:54.665 [info] Renamed to /home/xd/.vscode/extensions/enkia.tokyo-night-0.9.4
2022-12-14 17:21:54.666 [info] Extracting completed. enkia.tokyo-night
2022-12-14 17:21:54.672 [info] Extension installed successfully: enkia.tokyo-night
2022-12-14 17:21:58.234 [info] Extracted extension to /home/xd/.vscode/extensions/.1256fa16-f580-4cea-9c5e-9892c7f9441d: burkeholland.simple-react-snippets
2022-12-14 17:21:58.238 [info] Renamed to /home/xd/.vscode/extensions/burkeholland.simple-react-snippets-1.2.7
2022-12-14 17:21:58.240 [info] Extracting completed. burkeholland.simple-react-snippets
2022-12-14 17:21:58.245 [info] Extension installed successfully: burkeholland.simple-react-snippets
2022-12-14 17:22:01.180 [info] Extracted extension to /home/xd/.vscode/extensions/.91e0f5d9-8cb1-4843-87ce-c63af0de8e66: helgardrichard.helium-icon-theme
2022-12-14 17:22:01.187 [info] Renamed to /home/xd/.vscode/extensions/helgardrichard.helium-icon-theme-1.0.0
2022-12-14 17:22:01.189 [info] Extracting completed. helgardrichard.helium-icon-theme
2022-12-14 17:22:01.196 [info] Extension installed successfully: helgardrichard.helium-icon-theme
2022-12-14 17:22:01.730 [info] Extracted extension to /home/xd/.vscode/extensions/.9d9de580-dcb5-460f-8490-835fbf1a4a34: adpyke.codesnap
2022-12-14 17:22:01.734 [info] Renamed to /home/xd/.vscode/extensions/adpyke.codesnap-1.3.4
2022-12-14 17:22:01.735 [info] Extracting completed. adpyke.codesnap
2022-12-14 17:22:01.741 [info] Extension installed successfully: adpyke.codesnap
2022-12-14 17:22:01.872 [info] Extracted extension to /home/xd/.vscode/extensions/.22a3c984-5b14-4dcd-aaae-c200f43871fc: redhat.vscode-yaml
2022-12-14 17:22:01.879 [info] Renamed to /home/xd/.vscode/extensions/redhat.vscode-yaml-1.10.1
2022-12-14 17:22:01.881 [info] Extracting completed. redhat.vscode-yaml
2022-12-14 17:22:01.886 [info] Extension installed successfully: redhat.vscode-yaml
2022-12-14 17:22:02.292 [info] Extracted extension to /home/xd/.vscode/extensions/.75633c8f-e0b9-4df4-923d-9c89c67335a0: bradlc.vscode-tailwindcss
2022-12-14 17:22:02.295 [info] Renamed to /home/xd/.vscode/extensions/bradlc.vscode-tailwindcss-0.9.1
2022-12-14 17:22:02.296 [info] Extracting completed. bradlc.vscode-tailwindcss
2022-12-14 17:22:02.303 [info] Extension installed successfully: bradlc.vscode-tailwindcss
2022-12-14 17:22:02.447 [info] Extracted extension to /home/xd/.vscode/extensions/.16b50033-ead9-4928-bcf5-eec55c89cb39: zhuangtongfa.material-theme
2022-12-14 17:22:02.452 [info] Renamed to /home/xd/.vscode/extensions/zhuangtongfa.material-theme-3.15.6
2022-12-14 17:22:02.454 [info] Extracting completed. zhuangtongfa.material-theme
2022-12-14 17:22:02.460 [info] Extension installed successfully: zhuangtongfa.material-theme
2022-12-14 17:22:03.166 [info] Extracted extension to /home/xd/.vscode/extensions/.a99ef989-afb2-4bed-926c-3bca9b15ec17: ritwickdey.liveserver
2022-12-14 17:22:03.174 [info] Renamed to /home/xd/.vscode/extensions/ritwickdey.liveserver-5.7.9
2022-12-14 17:22:03.175 [info] Extracting completed. ritwickdey.liveserver
2022-12-14 17:22:03.183 [info] Extension installed successfully: ritwickdey.liveserver
2022-12-14 17:22:03.901 [info] Extracted extension to /home/xd/.vscode/extensions/.b8304830-97a6-42e9-98bd-3462fa8e43b8: hakcorp.php-awesome-snippets
2022-12-14 17:22:03.905 [info] Renamed to /home/xd/.vscode/extensions/hakcorp.php-awesome-snippets-1.1.3
2022-12-14 17:22:03.907 [info] Extracting completed. hakcorp.php-awesome-snippets
2022-12-14 17:22:03.915 [info] Extension installed successfully: hakcorp.php-awesome-snippets
2022-12-14 17:22:05.351 [info] Extracted extension to /home/xd/.vscode/extensions/.4455632b-f6d9-4b6b-8b9c-461e67024dc2: phiter.phpstorm-snippets
2022-12-14 17:22:05.353 [info] Renamed to /home/xd/.vscode/extensions/phiter.phpstorm-snippets-1.1.2
2022-12-14 17:22:05.355 [info] Extracting completed. phiter.phpstorm-snippets
2022-12-14 17:22:05.362 [info] Extension installed successfully: phiter.phpstorm-snippets
2022-12-14 17:22:05.620 [info] Extracted extension to /home/xd/.vscode/extensions/.b85c7c38-19f4-48ff-8a31-5982bd4de26d: eamodio.gitlens
2022-12-14 17:22:05.631 [info] Renamed to /home/xd/.vscode/extensions/eamodio.gitlens-13.1.1
2022-12-14 17:22:05.636 [info] Extracting completed. eamodio.gitlens
2022-12-14 17:22:05.644 [info] Extension installed successfully: eamodio.gitlens
2022-12-14 17:22:06.545 [info] Extracted extension to /home/xd/.vscode/extensions/.f1a61a74-4d09-47d0-aaae-2cca5bb73e07: jackpaget.gruvbox-glass
2022-12-14 17:22:06.552 [info] Renamed to /home/xd/.vscode/extensions/jackpaget.gruvbox-glass-0.4.1
2022-12-14 17:22:06.553 [info] Extracting completed. jackpaget.gruvbox-glass
2022-12-14 17:22:06.558 [info] Extension installed successfully: jackpaget.gruvbox-glass
2022-12-14 17:22:10.784 [info] Extracted extension to /home/xd/.vscode/extensions/.b0a82a0f-b73e-4f50-bdf5-6f4925bf948d: twxs.cmake
2022-12-14 17:22:10.789 [info] Renamed to /home/xd/.vscode/extensions/twxs.cmake-0.0.17
2022-12-14 17:22:10.790 [info] Extracting completed. twxs.cmake
2022-12-14 17:22:10.797 [info] Extension installed successfully: twxs.cmake
2022-12-14 17:22:14.418 [info] Starting worker process with pid 26196 (type: fileWatcher, window: 3).
2022-12-14 17:22:18.461 [info] Worker process with pid 26196 terminated normally (type: fileWatcher, window: 3).
