2022-12-14 17:20:03.631 [info] Using settings sync service https://vscode-sync.trafficmanager.net/
2022-12-14 17:20:03.631 [info] Auto Sync is disabled.
2022-12-14 17:21:13.069 [info] Sync started.
2022-12-14 17:21:13.833 [info] Did reset the local sync state.
2022-12-14 17:21:13.853 [info] Settings: Last sync data state does not exist.
2022-12-14 17:21:14.048 [info] Profiles: Last sync data state does not exist.
2022-12-14 17:21:14.089 [info] GlobalState: Last sync data state does not exist.
2022-12-14 17:21:14.227 [info] Settings: Last sync data state does not exist.
2022-12-14 17:21:14.485 [info] Keybindings: Last sync data state does not exist.
2022-12-14 17:21:14.691 [info] Snippets: Last sync data state does not exist.
2022-12-14 17:21:14.917 [info] Tasks: Last sync data state does not exist.
2022-12-14 17:21:15.078 [info] GlobalState: Last sync data state does not exist.
2022-12-14 17:21:15.275 [info] Extensions: Last sync data state does not exist.
2022-12-14 17:21:15.530 [info] Profiles: Last sync data state does not exist.
2022-12-14 17:21:15.532 [info] Profiles: No changes found during synchronizing profiles.
2022-12-14 17:21:15.539 [info] Profiles: Updated last synchronized profiles.
2022-12-14 17:21:15.549 [info] Settings: Updated local settings
2022-12-14 17:21:15.553 [info] Settings: Updated last synchronized settings
2022-12-14 17:21:15.559 [info] Keybindings: Updated local keybindings
2022-12-14 17:21:15.562 [info] Keybindings: Updated last synchronized keybindings
2022-12-14 17:21:15.570 [info] Snippets: Created snippet c.json
2022-12-14 17:21:15.573 [info] Snippets: Created snippet cpp.json
2022-12-14 17:21:15.576 [info] Snippets: Created snippet java.json
2022-12-14 17:21:15.580 [info] Snippets: Created snippet csharp.json
2022-12-14 17:21:15.582 [info] Snippets: Updated last synchronized snippets
2022-12-14 17:21:15.587 [info] Tasks: No changes found during synchronizing tasks.
2022-12-14 17:21:15.591 [info] Tasks: Updated last synchronized tasks
2022-12-14 17:21:15.603 [info] GlobalState: Updated global state ["ces/skipSurvey","commandPalette.mru.cache","commandPalette.mru.counter","cpp.1.editedCount","cpp.1.editedDate","cpp.1.lastSessionDate","cpp.1.sessionCount","fileBasedRecommendations/promptedRecommendations","github-abhay-h","hasNotifiedOfSettingsAutosave","java.2.lastSessionDate","java.2.sessionCount","javascript.1.lastSessionDate","javascript.1.sessionCount","memento/workbench.editor.keybindings","nps/isCandidate","nps/skipVersion","remote.explorerType","terminal.integrated.showTerminalConfigPrompt","typescript.1.lastSessionDate","typescript.1.sessionCount","workbench.activity.showAccounts","workbench.panel.pinnedPanels","workbench.panel.repl.hidden","workbench.view.extension.dockerView.state.hidden","workbench.view.extension.github-pull-requests.state.hidden","workbench.view.extension.liveshare.state.hidden","workbench.view.extensions.state.hidden","workbench.view.remote.state.hidden","extensionTips/promptedExecutableTips","workbench.welcomePage.walkthroughMetadata","workbench.view.extension.tabnine-access.state.hidden","java.2.editedCount","java.2.editedDate","workbench.view.extension.test.state.hidden","cpp.1.isCandidate","cpp.1.skipVersion","workbench.view.extension.gitlens.state.hidden","javascript.1.editedCount","javascript.1.editedDate","expandSuggestionDocs","workbench.view.extension.PowerShellCommandExplorer.state.hidden","workbench.view.extension.json-views.state.hidden","workbench.view.extension.github-pull-request.state.hidden","extensionsAssistant/ignored_recommendations","ces/remindLaterDate","tabs-list-width-horizontal","workbench.view.extension.cmake__viewContainer.state.hidden","workbench.view.sync.state.hidden","fileBasedRecommendations/promptedFileExtensions","workbench.sideBar.position","workbench.panel.alignment","workbench.activityBar.hidden","workbench.statusBar.hidden","workbench.auxiliarybar.pinnedPanels","typescript.1.editedCount","typescript.1.editedDate","workbench.view.extension.gitlensPanel.state.hidden","Comments.hidden","workbench.view.extension.jupyter-variables.state.hidden","javascript.1.isCandidate","javascript.1.skipVersion","extensionsAssistant/importantRecommendationsIgnore","workbench.view.extension.makefile__viewContainer.state.hidden","http.linkProtectionTrustedDomains","github-abhaytaras7","snippets.usageTimestamps","views.customizations","colorThemeData","memento/gettingStartedService","nps/lastSessionDate","nps/sessionCount","workbench.activity.pinnedViewlets2","workbench.explorer.views.state.hidden","workbench.scm.views.state.hidden","workbench.view.debug.state.hidden","workbench.statusbar.hidden"]
2022-12-14 17:21:15.604 [info] GlobalState: Updated local ui state
2022-12-14 17:21:15.609 [info] GlobalState: Updated last synchronized ui state
2022-12-14 17:21:17.181 [info] Extensions: Skipped synchronizing extension because the extension is not found. coenraads.bracket-pair-colorizer
2022-12-14 17:21:17.195 [info] Extensions: Skipped synchronizing extension because the extension is not found. cssho.vscode-svgviewer
2022-12-14 17:21:19.406 [info] Extensions: Installed extension. codezombiech.gitignore 0.9.0
2022-12-14 17:21:19.417 [info] Extensions: Installed extension. bierner.emojisense 0.9.1
2022-12-14 17:21:19.469 [info] Extensions: Last sync data state does not exist.
2022-12-14 17:21:19.473 [info] Extensions: Installed extension. davidanson.vscode-markdownlint 0.48.1
2022-12-14 17:21:19.523 [info] Extensions: Last sync data state does not exist.
2022-12-14 17:21:22.146 [info] Extensions: Installed extension. dzhavat.git-cheatsheet 1.4.4
2022-12-14 17:21:22.197 [info] Extensions: Last sync data state does not exist.
2022-12-14 17:21:22.209 [info] Extensions: Installed extension. golang.go 0.36.0
2022-12-14 17:21:22.260 [info] Extensions: Last sync data state does not exist.
2022-12-14 17:21:22.527 [info] Extensions: Installed extension. mutantdino.resourcemonitor 1.0.7
2022-12-14 17:21:22.579 [info] Extensions: Last sync data state does not exist.
2022-12-14 17:21:22.816 [info] Extensions: Installed extension. tabnine.tabnine-vscode 3.6.31
2022-12-14 17:21:22.869 [info] Extensions: Last sync data state does not exist.
2022-12-14 17:21:23.271 [info] Extensions: Installed extension. dbaeumer.vscode-eslint 2.2.6
2022-12-14 17:21:23.322 [info] Extensions: Last sync data state does not exist.
2022-12-14 17:21:23.611 [info] Extensions: Installed extension. ms-azuretools.vscode-docker 1.23.2
2022-12-14 17:21:23.661 [info] Extensions: Last sync data state does not exist.
2022-12-14 17:21:23.833 [info] Extensions: Installed extension. github.github-vscode-theme 6.3.2
2022-12-14 17:21:23.884 [info] Extensions: Last sync data state does not exist.
2022-12-14 17:21:26.657 [info] Extensions: Installed extension. ms-vscode.cpptools-themes 2.0.0
2022-12-14 17:21:26.708 [info] Extensions: Last sync data state does not exist.
2022-12-14 17:21:30.852 [info] Extensions: Installed extension. esbenp.prettier-vscode 9.10.3
2022-12-14 17:21:30.904 [info] Extensions: Last sync data state does not exist.
2022-12-14 17:21:32.792 [info] Extensions: Installed extension. ms-python.python 2022.20.1
2022-12-14 17:21:32.818 [info] Extensions: Installed extension. ms-vscode.vscode-typescript-next 5.0.202212130
2022-12-14 17:21:32.871 [info] Extensions: Last sync data state does not exist.
2022-12-14 17:21:34.387 [info] Extensions: Installed extension. akamud.vscode-javascript-snippet-pack 0.1.6
2022-12-14 17:21:34.439 [info] Extensions: Last sync data state does not exist.
2022-12-14 17:21:34.637 [info] Extensions: Installed extension. xdebug.php-debug 1.29.1
2022-12-14 17:21:34.690 [info] Extensions: Last sync data state does not exist.
2022-12-14 17:21:37.096 [info] Extensions: Installed extension. msjsdiag.vscode-react-native 1.10.0
2022-12-14 17:21:37.151 [info] Extensions: Last sync data state does not exist.
2022-12-14 17:21:37.690 [info] Extensions: Installed extension. ms-vscode.cpptools-extension-pack 1.3.0
2022-12-14 17:21:37.743 [info] Extensions: Last sync data state does not exist.
2022-12-14 17:21:39.031 [info] Extensions: Installed extension. ms-vscode.cmake-tools 1.12.27
2022-12-14 17:21:39.084 [info] Extensions: Last sync data state does not exist.
2022-12-14 17:21:39.818 [info] Extensions: Installed extension. ecmel.vscode-html-css 1.13.1
2022-12-14 17:21:39.870 [info] Extensions: Last sync data state does not exist.
2022-12-14 17:21:41.571 [info] Extensions: Installed extension. ms-vscode.js-debug-nightly 2022.12.1317
2022-12-14 17:21:41.635 [info] Extensions: Last sync data state does not exist.
2022-12-14 17:21:41.865 [info] Extensions: Installed extension. xabikos.javascriptsnippets 1.8.0
2022-12-14 17:21:41.917 [info] Extensions: Last sync data state does not exist.
2022-12-14 17:21:43.463 [info] Extensions: Installed extension. mgmcdermott.vscode-language-babel 0.0.36
2022-12-14 17:21:43.495 [info] Extensions: Installed extension. xdebug.php-pack 1.0.3
2022-12-14 17:21:43.535 [info] Extensions: Installed extension. christian-kohler.path-intellisense 2.8.3
2022-12-14 17:21:43.586 [info] Extensions: Last sync data state does not exist.
2022-12-14 17:21:43.605 [info] Extensions: Installed extension. ms-python.isort 2022.8.0
2022-12-14 17:21:43.656 [info] Extensions: Last sync data state does not exist.
2022-12-14 17:21:46.719 [info] Extensions: Installed extension. jdinhlife.gruvbox 1.8.0
2022-12-14 17:21:46.770 [info] Extensions: Last sync data state does not exist.
2022-12-14 17:21:47.250 [info] Extensions: Installed extension. mohd-akram.vscode-html-format 0.0.5
2022-12-14 17:21:47.301 [info] Extensions: Last sync data state does not exist.
2022-12-14 17:21:47.305 [info] Extensions: Installed extension. zobo.php-intellisense 1.0.12
2022-12-14 17:21:47.357 [info] Extensions: Last sync data state does not exist.
2022-12-14 17:21:48.004 [info] Extensions: Installed extension. formulahendry.code-runner 0.11.8
2022-12-14 17:21:48.056 [info] Extensions: Last sync data state does not exist.
2022-12-14 17:21:49.295 [info] Extensions: Installed extension. brapifra.phpserver 3.0.2
2022-12-14 17:21:49.345 [info] Extensions: Last sync data state does not exist.
2022-12-14 17:21:49.488 [info] Extensions: Installed extension. ms-vscode.makefile-tools 0.6.0
2022-12-14 17:21:49.541 [info] Extensions: Last sync data state does not exist.
2022-12-14 17:21:51.957 [info] Extensions: Installed extension. fallenmax.mithril-emmet 0.7.7
2022-12-14 17:21:52.016 [info] Extensions: Last sync data state does not exist.
2022-12-14 17:21:52.091 [info] Extensions: Installed extension. dsznajder.es7-react-js-snippets 4.4.3
2022-12-14 17:21:52.142 [info] Extensions: Last sync data state does not exist.
2022-12-14 17:21:52.199 [info] Extensions: Installed extension. github.vscode-pull-request-github 0.56.0
2022-12-14 17:21:52.249 [info] Extensions: Last sync data state does not exist.
2022-12-14 17:21:53.032 [info] Extensions: Installed extension. cardinal90.multi-cursor-case-preserve 1.0.5
2022-12-14 17:21:53.083 [info] Extensions: Last sync data state does not exist.
2022-12-14 17:21:53.867 [info] Extensions: Installed extension. pawelborkar.jellyfish 0.0.4
2022-12-14 17:21:53.926 [info] Extensions: Last sync data state does not exist.
2022-12-14 17:21:53.970 [info] Extensions: Installed extension. yzhang.markdown-all-in-one 3.5.0
2022-12-14 17:21:54.021 [info] Extensions: Last sync data state does not exist.
2022-12-14 17:21:54.672 [info] Extensions: Installed extension. enkia.tokyo-night 0.9.4
2022-12-14 17:21:54.724 [info] Extensions: Last sync data state does not exist.
2022-12-14 17:21:58.245 [info] Extensions: Installed extension. burkeholland.simple-react-snippets 1.2.7
2022-12-14 17:21:58.299 [info] Extensions: Last sync data state does not exist.
2022-12-14 17:22:01.196 [info] Extensions: Installed extension. helgardrichard.helium-icon-theme 1.0.0
2022-12-14 17:22:01.247 [info] Extensions: Last sync data state does not exist.
2022-12-14 17:22:01.741 [info] Extensions: Installed extension. adpyke.codesnap 1.3.4
2022-12-14 17:22:01.792 [info] Extensions: Last sync data state does not exist.
2022-12-14 17:22:01.886 [info] Extensions: Installed extension. redhat.vscode-yaml 1.10.1
2022-12-14 17:22:01.937 [info] Extensions: Last sync data state does not exist.
2022-12-14 17:22:02.303 [info] Extensions: Installed extension. bradlc.vscode-tailwindcss 0.9.1
2022-12-14 17:22:02.354 [info] Extensions: Last sync data state does not exist.
2022-12-14 17:22:02.461 [info] Extensions: Installed extension. zhuangtongfa.material-theme 3.15.6
2022-12-14 17:22:02.511 [info] Extensions: Last sync data state does not exist.
2022-12-14 17:22:03.183 [info] Extensions: Installed extension. ritwickdey.liveserver 5.7.9
2022-12-14 17:22:03.236 [info] Extensions: Last sync data state does not exist.
2022-12-14 17:22:03.532 [info] Extensions: Last sync data state does not exist.
2022-12-14 17:22:03.916 [info] Extensions: Installed extension. hakcorp.php-awesome-snippets 1.1.3
2022-12-14 17:22:03.967 [info] Extensions: Last sync data state does not exist.
2022-12-14 17:22:05.363 [info] Extensions: Installed extension. phiter.phpstorm-snippets 1.1.2
2022-12-14 17:22:05.414 [info] Extensions: Last sync data state does not exist.
2022-12-14 17:22:05.645 [info] Extensions: Installed extension. eamodio.gitlens 13.1.1
2022-12-14 17:22:05.695 [info] Extensions: Last sync data state does not exist.
2022-12-14 17:22:06.478 [info] Extensions: Last sync data state does not exist.
2022-12-14 17:22:06.559 [info] Extensions: Installed extension. jackpaget.gruvbox-glass 0.4.1
2022-12-14 17:22:06.609 [info] Extensions: Last sync data state does not exist.
2022-12-14 17:22:10.797 [info] Extensions: Installed extension. twxs.cmake 0.0.17
2022-12-14 17:22:10.850 [info] Extensions: Last sync data state does not exist.
2022-12-14 17:22:16.439 [info] Extensions: Last sync data state does not exist.
