2022-12-14 17:22:15.273 [info] Extension host with pid 26197 started
2022-12-14 17:22:15.326 [info] ExtensionService#_doActivateExtension vscode.microsoft-authentication, startup: false, activationEvent: 'onAuthenticationRequest:microsoft'
2022-12-14 17:22:15.326 [info] ExtensionService#_doActivateExtension vscode.git-base, startup: true, activationEvent: '*', root cause: vscode.git
2022-12-14 17:22:15.326 [info] ExtensionService#_doActivateExtension Cardinal90.multi-cursor-case-preserve, startup: true, activationEvent: '*'
2022-12-14 17:22:15.326 [info] ExtensionService#_doActivateExtension christian-kohler.path-intellisense, startup: true, activationEvent: '*'
2022-12-14 17:22:15.326 [info] ExtensionService#_doActivateExtension ecmel.vscode-html-css, startup: true, activationEvent: '*'
2022-12-14 17:22:15.326 [info] ExtensionService#_doActivateExtension helgardrichard.helium-icon-theme, startup: true, activationEvent: '*'
2022-12-14 17:22:15.327 [info] ExtensionService#_doActivateExtension mutantdino.resourcemonitor, startup: true, activationEvent: '*'
2022-12-14 17:22:15.327 [info] ExtensionService#_doActivateExtension TabNine.tabnine-vscode, startup: true, activationEvent: '*'
2022-12-14 17:22:15.505 [info] ExtensionService#_doActivateExtension vscode.git, startup: true, activationEvent: '*'
2022-12-14 17:22:15.506 [info] ExtensionService#_doActivateExtension vscode.github, startup: true, activationEvent: '*'
2022-12-14 17:22:15.557 [info] ExtensionService#_doActivateExtension vscode.configuration-editing, startup: false, activationEvent: 'onLanguage:jsonc'
2022-12-14 17:22:15.558 [info] ExtensionService#_doActivateExtension vscode.json-language-features, startup: false, activationEvent: 'onLanguage:jsonc'
2022-12-14 17:22:15.558 [info] ExtensionService#_doActivateExtension vscode.typescript-language-features, startup: false, activationEvent: 'onLanguage:jsonc'
2022-12-14 17:22:15.558 [info] ExtensionService#_doActivateExtension dbaeumer.vscode-eslint, startup: false, activationEvent: 'onLanguage:jsonc'
2022-12-14 17:22:15.669 [info] Eager extensions activated
2022-12-14 17:22:15.675 [info] ExtensionService#_doActivateExtension vscode.github-authentication, startup: false, activationEvent: 'onAuthenticationRequest:github'
2022-12-14 17:22:15.710 [info] ExtensionService#_doActivateExtension vscode.debug-auto-launch, startup: false, activationEvent: 'onStartupFinished'
2022-12-14 17:22:15.711 [info] ExtensionService#_doActivateExtension vscode.emmet, startup: false, activationEvent: 'onStartupFinished'
2022-12-14 17:22:15.711 [info] ExtensionService#_doActivateExtension vscode.merge-conflict, startup: false, activationEvent: 'onStartupFinished'
2022-12-14 17:22:15.711 [info] ExtensionService#_doActivateExtension bierner.emojisense, startup: false, activationEvent: 'onStartupFinished'
2022-12-14 17:22:15.711 [info] ExtensionService#_doActivateExtension bradlc.vscode-tailwindcss, startup: false, activationEvent: 'onStartupFinished'
2022-12-14 17:22:15.711 [info] ExtensionService#_doActivateExtension dsznajder.es7-react-js-snippets, startup: false, activationEvent: 'onStartupFinished'
2022-12-14 17:22:15.712 [info] ExtensionService#_doActivateExtension eamodio.gitlens, startup: false, activationEvent: 'onStartupFinished'
2022-12-14 17:22:15.712 [info] ExtensionService#_doActivateExtension vscode.npm, startup: false, activationEvent: 'onStartupFinished', root cause: esbenp.prettier-vscode
2022-12-14 17:22:15.712 [info] ExtensionService#_doActivateExtension formulahendry.code-runner, startup: false, activationEvent: 'onStartupFinished'
2022-12-14 17:22:15.712 [info] ExtensionService#_doActivateExtension ritwickdey.LiveServer, startup: false, activationEvent: 'onStartupFinished'
2022-12-14 17:22:15.712 [info] ExtensionService#_doActivateExtension zhuangtongfa.material-theme, startup: false, activationEvent: 'onStartupFinished'
2022-12-14 17:22:16.120 [info] ExtensionService#_doActivateExtension GitHub.vscode-pull-request-github, startup: false, activationEvent: 'onStartupFinished'
2022-12-14 17:22:16.269 [info] ExtensionService#_doActivateExtension ms-vscode.js-debug, startup: false, activationEvent: 'onLanguage:ReactNativeToolsOutput', root cause: msjsdiag.vscode-react-native
2022-12-14 17:22:16.269 [info] ExtensionService#_doActivateExtension esbenp.prettier-vscode, startup: false, activationEvent: 'onStartupFinished'
2022-12-14 17:22:16.382 [info] ExtensionService#_doActivateExtension msjsdiag.vscode-react-native, startup: false, activationEvent: 'onLanguage:ReactNativeToolsOutput'
2022-12-14 17:22:18.426 [info] Extension host terminating: received terminate message from renderer
2022-12-14 17:22:18.749 [info] Extension host with pid 26197 exiting with code 0
